The target system is: Generic -  - cortexa53
The host system is: Linux - 6.2.0-39-generic - x86_64
Compiling the C compiler identification source file "CMakeCCompilerId.c" succeeded.
Compiler: /tools/Xilinx/Vitis/2023.2/gnu/aarch64/lin/aarch64-none/bin/aarch64-none-elf-gcc 
Build flags: ;-O2;-DSDT;;-MMD;-MP;-specs=/home/user/Desktop/write_bbram/zcu102/psu_cortexa53_0/standalone_psu_cortexa53_0/bsp/Xilinx.spec;-I/home/user/Desktop/write_bbram/zcu102/psu_cortexa53_0/standalone_psu_cortexa53_0/bsp/include
Id flags:  

The output was:
0
/tools/Xilinx/Vitis/2023.2/gnu/aarch64/lin/aarch64-none/x86_64-oesdk-linux/usr/bin/aarch64-xilinx-elf/aarch64-xilinx-elf-ld.real: warning: cannot find entry symbol _start; defaulting to 0000000000400060


Compilation of the C compiler identification source "CMakeCCompilerId.c" produced "a-CMakeCCompilerId.d"

Compilation of the C compiler identification source "CMakeCCompilerId.c" produced "a.out"

The C compiler identification is GNU, found in "/home/user/Desktop/write_bbram/zcu102/psu_cortexa53_0/standalone_psu_cortexa53_0/bsp/libsrc/build_configs/gen_bsp/CMakeFiles/3.24.2/CompilerIdC/a.out"

Compiling the CXX compiler identification source file "CMakeCXXCompilerId.cpp" succeeded.
Compiler: /tools/Xilinx/Vitis/2023.2/gnu/aarch64/lin/aarch64-none/bin/aarch64-none-elf-g++ 
Build flags: ;-O2;-DSDT;;-MMD;-MP;-specs=/home/user/Desktop/write_bbram/zcu102/psu_cortexa53_0/standalone_psu_cortexa53_0/bsp/Xilinx.spec;-I/home/user/Desktop/write_bbram/zcu102/psu_cortexa53_0/standalone_psu_cortexa53_0/bsp/include
Id flags:  

The output was:
0
/tools/Xilinx/Vitis/2023.2/gnu/aarch64/lin/aarch64-none/x86_64-oesdk-linux/usr/bin/aarch64-xilinx-elf/aarch64-xilinx-elf-ld.real: warning: cannot find entry symbol _start; defaulting to 0000000000400060


Compilation of the CXX compiler identification source "CMakeCXXCompilerId.cpp" produced "a-CMakeCXXCompilerId.d"

Compilation of the CXX compiler identification source "CMakeCXXCompilerId.cpp" produced "a.out"

The CXX compiler identification is GNU, found in "/home/user/Desktop/write_bbram/zcu102/psu_cortexa53_0/standalone_psu_cortexa53_0/bsp/libsrc/build_configs/gen_bsp/CMakeFiles/3.24.2/CompilerIdCXX/a.out"

Detecting C compiler ABI info compiled with the following output:
Change Dir: /home/user/Desktop/write_bbram/zcu102/psu_cortexa53_0/standalone_psu_cortexa53_0/bsp/libsrc/build_configs/gen_bsp/CMakeFiles/CMakeTmp

Run Build Command(s):/bin/gmake -f Makefile cmTC_68585/fast && /bin/gmake  -f CMakeFiles/cmTC_68585.dir/build.make CMakeFiles/cmTC_68585.dir/build
gmake[1]: Entering directory '/home/user/Desktop/write_bbram/zcu102/psu_cortexa53_0/standalone_psu_cortexa53_0/bsp/libsrc/build_configs/gen_bsp/CMakeFiles/CMakeTmp'
Building C object CMakeFiles/cmTC_68585.dir/CMakeCCompilerABI.c.obj
/tools/Xilinx/Vitis/2023.2/gnu/aarch64/lin/aarch64-none/bin/aarch64-none-elf-gcc   -O2 -DSDT  -MMD -MP -specs=/home/user/Desktop/write_bbram/zcu102/psu_cortexa53_0/standalone_psu_cortexa53_0/bsp/Xilinx.spec -I/home/user/Desktop/write_bbram/zcu102/psu_cortexa53_0/standalone_psu_cortexa53_0/bsp/include    -v -o CMakeFiles/cmTC_68585.dir/CMakeCCompilerABI.c.obj -c /tools/Xilinx/Vitis/2023.2/tps/lnx64/cmake-3.24.2/share/cmake-3.24/Modules/CMakeCCompilerABI.c
Using built-in specs.
Reading specs from /home/user/Desktop/write_bbram/zcu102/psu_cortexa53_0/standalone_psu_cortexa53_0/bsp/Xilinx.spec
COLLECT_GCC=/tools/Xilinx/Vitis/2023.2/gnu/aarch64/lin/aarch64-none/bin/../x86_64-oesdk-linux/usr/bin/aarch64-xilinx-elf/aarch64-xilinx-elf-gcc.real
Target: aarch64-xilinx-elf
Configured with: ../../../../../../work-shared/gcc-12.2.0-r0/gcc-12.2.0/configure --build=x86_64-linux --host=x86_64-oesdk-linux --target=aarch64-xilinx-elf --prefix=/usr/local/oe-sdk-hardcoded-buildpath/sysroots/x86_64-oesdk-linux/usr --exec_prefix=/usr/local/oe-sdk-hardcoded-buildpath/sysroots/x86_64-oesdk-linux/usr --bindir=/usr/local/oe-sdk-hardcoded-buildpath/sysroots/x86_64-oesdk-linux/usr/bin/aarch64-xilinx-elf --sbindir=/usr/local/oe-sdk-hardcoded-buildpath/sysroots/x86_64-oesdk-linux/usr/bin/aarch64-xilinx-elf --libexecdir=/usr/local/oe-sdk-hardcoded-buildpath/sysroots/x86_64-oesdk-linux/usr/libexec/aarch64-xilinx-elf --datadir=/usr/local/oe-sdk-hardcoded-buildpath/sysroots/x86_64-oesdk-linux/usr/share --sysconfdir=/usr/local/oe-sdk-hardcoded-buildpath/sysroots/x86_64-oesdk-linux/etc --sharedstatedir=/usr/local/oe-sdk-hardcoded-buildpath/sysroots/x86_64-oesdk-linux/com --localstatedir=/usr/local/oe-sdk-hardcoded-buildpath/sysroots/x86_64-oesdk-linux/var --libdir=/usr/local/oe-sdk-hardcoded-buildpath/sysroots/x86_64-oesdk-linux/usr/lib/aarch64-xilinx-elf --includedir=/usr/local/oe-sdk-hardcoded-buildpath/sysroots/x86_64-oesdk-linux/usr/include --oldincludedir=/usr/local/oe-sdk-hardcoded-buildpath/sysroots/x86_64-oesdk-linux/usr/include --infodir=/usr/local/oe-sdk-hardcoded-buildpath/sysroots/x86_64-oesdk-linux/usr/share/info --mandir=/usr/local/oe-sdk-hardcoded-buildpath/sysroots/x86_64-oesdk-linux/usr/share/man --disable-silent-rules --disable-dependency-tracking --with-libtool-sysroot=/scratch/jenkins-BUILDS-eSDK-toolchain-2023.1_toolchain-7_Standalone_aarch64-tc/build/aarch64-tc-x86_64/work/x86_64-nativesdk-oesdk-linux/gcc-cross-canadian-aarch64/12.2.0-r0/recipe-sysroot --with-gnu-ld --enable-shared --enable-languages=c,c++,fortran --enable-threads=posix --enable-multilib --enable-c99 --enable-long-long --enable-libstdcxx-pch --program-prefix=aarch64-xilinx-elf- --without-local-prefix --disable-install-libiberty --disable-libssp --enable-libitm --enable-lto --disable-bootstrap --with-system-zlib --enable-linker-build-id --with-ppl=no --with-cloog=no --enable-checking=release --enable-cheaders=c_global --without-isl --with-gxx-include-dir=/not/exist/usr/include/c++/12.2.0 --with-build-time-tools=/scratch/jenkins-BUILDS-eSDK-toolchain-2023.1_toolchain-7_Standalone_aarch64-tc/build/aarch64-tc-x86_64/work/x86_64-nativesdk-oesdk-linux/gcc-cross-canadian-aarch64/12.2.0-r0/recipe-sysroot-native/usr/aarch64-xilinx-elf/bin --with-sysroot=/not/exist --with-build-sysroot=/scratch/jenkins-BUILDS-eSDK-toolchain-2023.1_toolchain-7_Standalone_aarch64-tc/build/aarch64-tc-x86_64/work/x86_64-nativesdk-oesdk-linux/gcc-cross-canadian-aarch64/12.2.0-r0/recipe-sysroot --enable-standard-branch-protection --with-plugin-ld=ld --enable-poison-system-directories --enable-nls --with-glibc-version=2.28 --enable-initfini-array --disable-libstdcxx-pch --with-newlib --disable-threads --enable-plugins --with-gnu-as --disable-libitm --disable-multiarch --with-arch=armv8-a --enable-multilib --with-sysroot=/not/exist
Thread model: single
Supported LTO compression algorithms: zlib zstd
gcc version 12.2.0 (GCC) 
COLLECT_GCC_OPTIONS='--sysroot=/tools/Xilinx/Vitis/2023.2/gnu/aarch64/lin/aarch64-none/bin/../aarch64-xilinx-elf' '-mbranch-protection=none' '-O2' '-D' 'SDT' '-MMD' '-MP' '-specs=/home/user/Desktop/write_bbram/zcu102/psu_cortexa53_0/standalone_psu_cortexa53_0/bsp/Xilinx.spec' '-I' '/home/user/Desktop/write_bbram/zcu102/psu_cortexa53_0/standalone_psu_cortexa53_0/bsp/include' '-v' '-o' 'CMakeFiles/cmTC_68585.dir/CMakeCCompilerABI.c.obj' '-c' '-march=armv8-a' '-mlittle-endian' '-mabi=lp64' '-dumpdir' 'CMakeFiles/cmTC_68585.dir/'
 /tools/Xilinx/Vitis/2023.2/gnu/aarch64/lin/aarch64-none/x86_64-oesdk-linux/usr/bin/aarch64-xilinx-elf/../../libexec/aarch64-xilinx-elf/gcc/aarch64-xilinx-elf/12.2.0/cc1 -quiet -v -I /home/user/Desktop/write_bbram/zcu102/psu_cortexa53_0/standalone_psu_cortexa53_0/bsp/include -iprefix /tools/Xilinx/Vitis/2023.2/gnu/aarch64/lin/aarch64-none/x86_64-oesdk-linux/usr/bin/aarch64-xilinx-elf/../../lib/aarch64-xilinx-elf/gcc/aarch64-xilinx-elf/12.2.0/ -isysroot /tools/Xilinx/Vitis/2023.2/gnu/aarch64/lin/aarch64-none/bin/../aarch64-xilinx-elf -MMD CMakeFiles/cmTC_68585.dir/CMakeCCompilerABI.c.d -MP -MQ CMakeFiles/cmTC_68585.dir/CMakeCCompilerABI.c.obj -D SDT /tools/Xilinx/Vitis/2023.2/tps/lnx64/cmake-3.24.2/share/cmake-3.24/Modules/CMakeCCompilerABI.c -quiet -dumpdir CMakeFiles/cmTC_68585.dir/ -dumpbase CMakeCCompilerABI.c.c -dumpbase-ext .c -mbranch-protection=none -march=armv8-a -mlittle-endian -mabi=lp64 -O2 -version -o /tmp/ccYglu2t.s
GNU C17 (GCC) version 12.2.0 (aarch64-xilinx-elf)
	compiled by GNU C version 12.2.0, GMP version 6.2.1, MPFR version 4.1.0, MPC version 1.2.1, isl version none
GGC heuristics: --param ggc-min-expand=100 --param ggc-min-heapsize=131072
ignoring nonexistent directory "/tools/Xilinx/Vitis/2023.2/gnu/aarch64/lin/aarch64-none/x86_64-oesdk-linux/usr/bin/aarch64-xilinx-elf/../../lib/aarch64-xilinx-elf/gcc/aarch64-xilinx-elf/12.2.0/../../../../../aarch64-xilinx-elf/include"
ignoring duplicate directory "/tools/Xilinx/Vitis/2023.2/gnu/aarch64/lin/aarch64-none/x86_64-oesdk-linux/usr/bin/aarch64-xilinx-elf/../../lib/aarch64-xilinx-elf/gcc/../../../lib/aarch64-xilinx-elf/gcc/aarch64-xilinx-elf/12.2.0/include"
ignoring nonexistent directory "/tools/Xilinx/Vitis/2023.2/gnu/aarch64/lin/aarch64-none/bin/../aarch64-xilinx-elf/usr/lib64/aarch64-xilinx-elf/12.2.0/include"
ignoring nonexistent directory "/tools/Xilinx/Vitis/2023.2/gnu/aarch64/lin/aarch64-none/bin/../aarch64-xilinx-elf/usr/local/include"
ignoring duplicate directory "/tools/Xilinx/Vitis/2023.2/gnu/aarch64/lin/aarch64-none/x86_64-oesdk-linux/usr/bin/aarch64-xilinx-elf/../../lib/aarch64-xilinx-elf/gcc/../../../lib/aarch64-xilinx-elf/gcc/aarch64-xilinx-elf/12.2.0/include-fixed"
ignoring nonexistent directory "/tools/Xilinx/Vitis/2023.2/gnu/aarch64/lin/aarch64-none/x86_64-oesdk-linux/usr/bin/aarch64-xilinx-elf/../../lib/aarch64-xilinx-elf/gcc/../../../lib/aarch64-xilinx-elf/gcc/aarch64-xilinx-elf/12.2.0/../../../../../aarch64-xilinx-elf/include"
#include "..." search starts here:
#include <...> search starts here:
 /home/user/Desktop/write_bbram/zcu102/psu_cortexa53_0/standalone_psu_cortexa53_0/bsp/include
 /tools/Xilinx/Vitis/2023.2/gnu/aarch64/lin/aarch64-none/x86_64-oesdk-linux/usr/bin/aarch64-xilinx-elf/../../lib/aarch64-xilinx-elf/gcc/aarch64-xilinx-elf/12.2.0/include
 /tools/Xilinx/Vitis/2023.2/gnu/aarch64/lin/aarch64-none/x86_64-oesdk-linux/usr/bin/aarch64-xilinx-elf/../../lib/aarch64-xilinx-elf/gcc/aarch64-xilinx-elf/12.2.0/include-fixed
 /tools/Xilinx/Vitis/2023.2/gnu/aarch64/lin/aarch64-none/bin/../aarch64-xilinx-elf/usr/include/
End of search list.
GNU C17 (GCC) version 12.2.0 (aarch64-xilinx-elf)
	compiled by GNU C version 12.2.0, GMP version 6.2.1, MPFR version 4.1.0, MPC version 1.2.1, isl version none
GGC heuristics: --param ggc-min-expand=100 --param ggc-min-heapsize=131072
Compiler executable checksum: faf2342161a4e41c50a6315b0589fe38
COLLECT_GCC_OPTIONS='--sysroot=/tools/Xilinx/Vitis/2023.2/gnu/aarch64/lin/aarch64-none/bin/../aarch64-xilinx-elf' '-mbranch-protection=none' '-O2' '-D' 'SDT' '-MMD' '-MP' '-specs=/home/user/Desktop/write_bbram/zcu102/psu_cortexa53_0/standalone_psu_cortexa53_0/bsp/Xilinx.spec' '-I' '/home/user/Desktop/write_bbram/zcu102/psu_cortexa53_0/standalone_psu_cortexa53_0/bsp/include' '-v' '-o' 'CMakeFiles/cmTC_68585.dir/CMakeCCompilerABI.c.obj' '-c' '-march=armv8-a' '-mlittle-endian' '-mabi=lp64' '-dumpdir' 'CMakeFiles/cmTC_68585.dir/'
 /tools/Xilinx/Vitis/2023.2/gnu/aarch64/lin/aarch64-none/x86_64-oesdk-linux/usr/bin/aarch64-xilinx-elf/../../libexec/aarch64-xilinx-elf/gcc/aarch64-xilinx-elf/12.2.0/as -v -I /home/user/Desktop/write_bbram/zcu102/psu_cortexa53_0/standalone_psu_cortexa53_0/bsp/include -EL -march=armv8-a -mabi=lp64 -o CMakeFiles/cmTC_68585.dir/CMakeCCompilerABI.c.obj /tmp/ccYglu2t.s
GNU assembler version 2.39.0 (aarch64-xilinx-elf) using BFD version (GNU Binutils) 2.39.0.20220819
COMPILER_PATH=/tools/Xilinx/Vitis/2023.2/gnu/aarch64/lin/aarch64-none/x86_64-oesdk-linux/usr/bin/aarch64-xilinx-elf/../../libexec/aarch64-xilinx-elf/gcc/aarch64-xilinx-elf/12.2.0/:/tools/Xilinx/Vitis/2023.2/gnu/aarch64/lin/aarch64-none/x86_64-oesdk-linux/usr/bin/aarch64-xilinx-elf/../../libexec/aarch64-xilinx-elf/gcc/
LIBRARY_PATH=/tools/Xilinx/Vitis/2023.2/gnu/aarch64/lin/aarch64-none/x86_64-oesdk-linux/usr/bin/aarch64-xilinx-elf/../../lib/aarch64-xilinx-elf/gcc/aarch64-xilinx-elf/12.2.0/:/tools/Xilinx/Vitis/2023.2/gnu/aarch64/lin/aarch64-none/x86_64-oesdk-linux/usr/bin/aarch64-xilinx-elf/../../lib/aarch64-xilinx-elf/gcc/:/tools/Xilinx/Vitis/2023.2/gnu/aarch64/lin/aarch64-none/bin/../aarch64-xilinx-elf/usr/lib64/aarch64-xilinx-elf/12.2.0/:/tools/Xilinx/Vitis/2023.2/gnu/aarch64/lin/aarch64-none/bin/../aarch64-xilinx-elf/usr/lib64/
COLLECT_GCC_OPTIONS='--sysroot=/tools/Xilinx/Vitis/2023.2/gnu/aarch64/lin/aarch64-none/bin/../aarch64-xilinx-elf' '-mbranch-protection=none' '-O2' '-D' 'SDT' '-MMD' '-MP' '-specs=/home/user/Desktop/write_bbram/zcu102/psu_cortexa53_0/standalone_psu_cortexa53_0/bsp/Xilinx.spec' '-I' '/home/user/Desktop/write_bbram/zcu102/psu_cortexa53_0/standalone_psu_cortexa53_0/bsp/include' '-v' '-o' 'CMakeFiles/cmTC_68585.dir/CMakeCCompilerABI.c.obj' '-c' '-march=armv8-a' '-mlittle-endian' '-mabi=lp64' '-dumpdir' 'CMakeFiles/cmTC_68585.dir/CMakeCCompilerABI.c.'
Linking C executable cmTC_68585
/tools/Xilinx/Vitis/2023.2/tps/lnx64/cmake-3.24.2/bin/cmake -E cmake_link_script CMakeFiles/cmTC_68585.dir/link.txt --verbose=1
/tools/Xilinx/Vitis/2023.2/gnu/aarch64/lin/aarch64-none/bin/aarch64-none-elf-gcc  -O2 -DSDT  -MMD -MP -specs=/home/user/Desktop/write_bbram/zcu102/psu_cortexa53_0/standalone_psu_cortexa53_0/bsp/Xilinx.spec -I/home/user/Desktop/write_bbram/zcu102/psu_cortexa53_0/standalone_psu_cortexa53_0/bsp/include   -v CMakeFiles/cmTC_68585.dir/CMakeCCompilerABI.c.obj -o cmTC_68585 
Using built-in specs.
Reading specs from /home/user/Desktop/write_bbram/zcu102/psu_cortexa53_0/standalone_psu_cortexa53_0/bsp/Xilinx.spec
COLLECT_GCC=/tools/Xilinx/Vitis/2023.2/gnu/aarch64/lin/aarch64-none/bin/../x86_64-oesdk-linux/usr/bin/aarch64-xilinx-elf/aarch64-xilinx-elf-gcc.real
COLLECT_LTO_WRAPPER=/tools/Xilinx/Vitis/2023.2/gnu/aarch64/lin/aarch64-none/x86_64-oesdk-linux/usr/bin/aarch64-xilinx-elf/../../libexec/aarch64-xilinx-elf/gcc/aarch64-xilinx-elf/12.2.0/lto-wrapper
Target: aarch64-xilinx-elf
Configured with: ../../../../../../work-shared/gcc-12.2.0-r0/gcc-12.2.0/configure --build=x86_64-linux --host=x86_64-oesdk-linux --target=aarch64-xilinx-elf --prefix=/usr/local/oe-sdk-hardcoded-buildpath/sysroots/x86_64-oesdk-linux/usr --exec_prefix=/usr/local/oe-sdk-hardcoded-buildpath/sysroots/x86_64-oesdk-linux/usr --bindir=/usr/local/oe-sdk-hardcoded-buildpath/sysroots/x86_64-oesdk-linux/usr/bin/aarch64-xilinx-elf --sbindir=/usr/local/oe-sdk-hardcoded-buildpath/sysroots/x86_64-oesdk-linux/usr/bin/aarch64-xilinx-elf --libexecdir=/usr/local/oe-sdk-hardcoded-buildpath/sysroots/x86_64-oesdk-linux/usr/libexec/aarch64-xilinx-elf --datadir=/usr/local/oe-sdk-hardcoded-buildpath/sysroots/x86_64-oesdk-linux/usr/share --sysconfdir=/usr/local/oe-sdk-hardcoded-buildpath/sysroots/x86_64-oesdk-linux/etc --sharedstatedir=/usr/local/oe-sdk-hardcoded-buildpath/sysroots/x86_64-oesdk-linux/com --localstatedir=/usr/local/oe-sdk-hardcoded-buildpath/sysroots/x86_64-oesdk-linux/var --libdir=/usr/local/oe-sdk-hardcoded-buildpath/sysroots/x86_64-oesdk-linux/usr/lib/aarch64-xilinx-elf --includedir=/usr/local/oe-sdk-hardcoded-buildpath/sysroots/x86_64-oesdk-linux/usr/include --oldincludedir=/usr/local/oe-sdk-hardcoded-buildpath/sysroots/x86_64-oesdk-linux/usr/include --infodir=/usr/local/oe-sdk-hardcoded-buildpath/sysroots/x86_64-oesdk-linux/usr/share/info --mandir=/usr/local/oe-sdk-hardcoded-buildpath/sysroots/x86_64-oesdk-linux/usr/share/man --disable-silent-rules --disable-dependency-tracking --with-libtool-sysroot=/scratch/jenkins-BUILDS-eSDK-toolchain-2023.1_toolchain-7_Standalone_aarch64-tc/build/aarch64-tc-x86_64/work/x86_64-nativesdk-oesdk-linux/gcc-cross-canadian-aarch64/12.2.0-r0/recipe-sysroot --with-gnu-ld --enable-shared --enable-languages=c,c++,fortran --enable-threads=posix --enable-multilib --enable-c99 --enable-long-long --enable-libstdcxx-pch --program-prefix=aarch64-xilinx-elf- --without-local-prefix --disable-install-libiberty --disable-libssp --enable-libitm --enable-lto --disable-bootstrap --with-system-zlib --enable-linker-build-id --with-ppl=no --with-cloog=no --enable-checking=release --enable-cheaders=c_global --without-isl --with-gxx-include-dir=/not/exist/usr/include/c++/12.2.0 --with-build-time-tools=/scratch/jenkins-BUILDS-eSDK-toolchain-2023.1_toolchain-7_Standalone_aarch64-tc/build/aarch64-tc-x86_64/work/x86_64-nativesdk-oesdk-linux/gcc-cross-canadian-aarch64/12.2.0-r0/recipe-sysroot-native/usr/aarch64-xilinx-elf/bin --with-sysroot=/not/exist --with-build-sysroot=/scratch/jenkins-BUILDS-eSDK-toolchain-2023.1_toolchain-7_Standalone_aarch64-tc/build/aarch64-tc-x86_64/work/x86_64-nativesdk-oesdk-linux/gcc-cross-canadian-aarch64/12.2.0-r0/recipe-sysroot --enable-standard-branch-protection --with-plugin-ld=ld --enable-poison-system-directories --enable-nls --with-glibc-version=2.28 --enable-initfini-array --disable-libstdcxx-pch --with-newlib --disable-threads --enable-plugins --with-gnu-as --disable-libitm --disable-multiarch --with-arch=armv8-a --enable-multilib --with-sysroot=/not/exist
Thread model: single
Supported LTO compression algorithms: zlib zstd
gcc version 12.2.0 (GCC) 
COMPILER_PATH=/tools/Xilinx/Vitis/2023.2/gnu/aarch64/lin/aarch64-none/x86_64-oesdk-linux/usr/bin/aarch64-xilinx-elf/../../libexec/aarch64-xilinx-elf/gcc/aarch64-xilinx-elf/12.2.0/:/tools/Xilinx/Vitis/2023.2/gnu/aarch64/lin/aarch64-none/x86_64-oesdk-linux/usr/bin/aarch64-xilinx-elf/../../libexec/aarch64-xilinx-elf/gcc/
LIBRARY_PATH=/tools/Xilinx/Vitis/2023.2/gnu/aarch64/lin/aarch64-none/x86_64-oesdk-linux/usr/bin/aarch64-xilinx-elf/../../lib/aarch64-xilinx-elf/gcc/aarch64-xilinx-elf/12.2.0/:/tools/Xilinx/Vitis/2023.2/gnu/aarch64/lin/aarch64-none/x86_64-oesdk-linux/usr/bin/aarch64-xilinx-elf/../../lib/aarch64-xilinx-elf/gcc/:/tools/Xilinx/Vitis/2023.2/gnu/aarch64/lin/aarch64-none/bin/../aarch64-xilinx-elf/usr/lib64/aarch64-xilinx-elf/12.2.0/:/tools/Xilinx/Vitis/2023.2/gnu/aarch64/lin/aarch64-none/bin/../aarch64-xilinx-elf/usr/lib64/
COLLECT_GCC_OPTIONS='--sysroot=/tools/Xilinx/Vitis/2023.2/gnu/aarch64/lin/aarch64-none/bin/../aarch64-xilinx-elf' '-mbranch-protection=none' '-O2' '-D' 'SDT' '-MMD' '-MP' '-specs=/home/user/Desktop/write_bbram/zcu102/psu_cortexa53_0/standalone_psu_cortexa53_0/bsp/Xilinx.spec' '-I' '/home/user/Desktop/write_bbram/zcu102/psu_cortexa53_0/standalone_psu_cortexa53_0/bsp/include' '-v' '-o' 'cmTC_68585' '-march=armv8-a' '-mlittle-endian' '-mabi=lp64' '-dumpdir' 'cmTC_68585.'
 /tools/Xilinx/Vitis/2023.2/gnu/aarch64/lin/aarch64-none/x86_64-oesdk-linux/usr/bin/aarch64-xilinx-elf/../../libexec/aarch64-xilinx-elf/gcc/aarch64-xilinx-elf/12.2.0/collect2 -plugin /tools/Xilinx/Vitis/2023.2/gnu/aarch64/lin/aarch64-none/x86_64-oesdk-linux/usr/bin/aarch64-xilinx-elf/../../libexec/aarch64-xilinx-elf/gcc/aarch64-xilinx-elf/12.2.0/liblto_plugin.so -plugin-opt=/tools/Xilinx/Vitis/2023.2/gnu/aarch64/lin/aarch64-none/x86_64-oesdk-linux/usr/bin/aarch64-xilinx-elf/../../libexec/aarch64-xilinx-elf/gcc/aarch64-xilinx-elf/12.2.0/lto-wrapper -plugin-opt=-fresolution=/tmp/ccGWr2qf.res -plugin-opt=-pass-through=-lgcc -plugin-opt=-pass-through=-lc -plugin-opt=-pass-through=-lgcc --sysroot=/tools/Xilinx/Vitis/2023.2/gnu/aarch64/lin/aarch64-none/bin/../aarch64-xilinx-elf --build-id -EL -X -maarch64elf -o cmTC_68585 /tools/Xilinx/Vitis/2023.2/gnu/aarch64/lin/aarch64-none/bin/../aarch64-xilinx-elf/usr/lib64/aarch64-xilinx-elf/12.2.0/crti.o /tools/Xilinx/Vitis/2023.2/gnu/aarch64/lin/aarch64-none/bin/../aarch64-xilinx-elf/usr/lib64/aarch64-xilinx-elf/12.2.0/crtbegin.o -L/tools/Xilinx/Vitis/2023.2/gnu/aarch64/lin/aarch64-none/x86_64-oesdk-linux/usr/bin/aarch64-xilinx-elf/../../lib/aarch64-xilinx-elf/gcc/aarch64-xilinx-elf/12.2.0 -L/tools/Xilinx/Vitis/2023.2/gnu/aarch64/lin/aarch64-none/x86_64-oesdk-linux/usr/bin/aarch64-xilinx-elf/../../lib/aarch64-xilinx-elf/gcc -L/tools/Xilinx/Vitis/2023.2/gnu/aarch64/lin/aarch64-none/bin/../aarch64-xilinx-elf/usr/lib64/aarch64-xilinx-elf/12.2.0 -L/tools/Xilinx/Vitis/2023.2/gnu/aarch64/lin/aarch64-none/bin/../aarch64-xilinx-elf/usr/lib64 --no-warn-rwx-segment CMakeFiles/cmTC_68585.dir/CMakeCCompilerABI.c.obj -lgcc -lc -lgcc /tools/Xilinx/Vitis/2023.2/gnu/aarch64/lin/aarch64-none/bin/../aarch64-xilinx-elf/usr/lib64/aarch64-xilinx-elf/12.2.0/crtend.o /tools/Xilinx/Vitis/2023.2/gnu/aarch64/lin/aarch64-none/bin/../aarch64-xilinx-elf/usr/lib64/aarch64-xilinx-elf/12.2.0/crtn.o
/tools/Xilinx/Vitis/2023.2/gnu/aarch64/lin/aarch64-none/x86_64-oesdk-linux/usr/bin/aarch64-xilinx-elf/aarch64-xilinx-elf-ld.real: warning: cannot find entry symbol _start; defaulting to 0000000000400060
COLLECT_GCC_OPTIONS='--sysroot=/tools/Xilinx/Vitis/2023.2/gnu/aarch64/lin/aarch64-none/bin/../aarch64-xilinx-elf' '-mbranch-protection=none' '-O2' '-D' 'SDT' '-MMD' '-MP' '-specs=/home/user/Desktop/write_bbram/zcu102/psu_cortexa53_0/standalone_psu_cortexa53_0/bsp/Xilinx.spec' '-I' '/home/user/Desktop/write_bbram/zcu102/psu_cortexa53_0/standalone_psu_cortexa53_0/bsp/include' '-v' '-o' 'cmTC_68585' '-march=armv8-a' '-mlittle-endian' '-mabi=lp64' '-dumpdir' 'cmTC_68585.'
gmake[1]: Leaving directory '/home/user/Desktop/write_bbram/zcu102/psu_cortexa53_0/standalone_psu_cortexa53_0/bsp/libsrc/build_configs/gen_bsp/CMakeFiles/CMakeTmp'



Parsed C implicit include dir info from above output: rv=done
  found start of include info
  found start of implicit include info
    add: [/home/user/Desktop/write_bbram/zcu102/psu_cortexa53_0/standalone_psu_cortexa53_0/bsp/include]
    add: [/tools/Xilinx/Vitis/2023.2/gnu/aarch64/lin/aarch64-none/x86_64-oesdk-linux/usr/bin/aarch64-xilinx-elf/../../lib/aarch64-xilinx-elf/gcc/aarch64-xilinx-elf/12.2.0/include]
    add: [/tools/Xilinx/Vitis/2023.2/gnu/aarch64/lin/aarch64-none/x86_64-oesdk-linux/usr/bin/aarch64-xilinx-elf/../../lib/aarch64-xilinx-elf/gcc/aarch64-xilinx-elf/12.2.0/include-fixed]
    add: [/tools/Xilinx/Vitis/2023.2/gnu/aarch64/lin/aarch64-none/bin/../aarch64-xilinx-elf/usr/include/]
  end of search list found
  collapse include dir [/home/user/Desktop/write_bbram/zcu102/psu_cortexa53_0/standalone_psu_cortexa53_0/bsp/include] ==> [/home/user/Desktop/write_bbram/zcu102/psu_cortexa53_0/standalone_psu_cortexa53_0/bsp/include]
  collapse include dir [/tools/Xilinx/Vitis/2023.2/gnu/aarch64/lin/aarch64-none/x86_64-oesdk-linux/usr/bin/aarch64-xilinx-elf/../../lib/aarch64-xilinx-elf/gcc/aarch64-xilinx-elf/12.2.0/include] ==> [/tools/Xilinx/Vitis/2023.2/gnu/aarch64/lin/aarch64-none/x86_64-oesdk-linux/usr/lib/aarch64-xilinx-elf/gcc/aarch64-xilinx-elf/12.2.0/include]
  collapse include dir [/tools/Xilinx/Vitis/2023.2/gnu/aarch64/lin/aarch64-none/x86_64-oesdk-linux/usr/bin/aarch64-xilinx-elf/../../lib/aarch64-xilinx-elf/gcc/aarch64-xilinx-elf/12.2.0/include-fixed] ==> [/tools/Xilinx/Vitis/2023.2/gnu/aarch64/lin/aarch64-none/x86_64-oesdk-linux/usr/lib/aarch64-xilinx-elf/gcc/aarch64-xilinx-elf/12.2.0/include-fixed]
  collapse include dir [/tools/Xilinx/Vitis/2023.2/gnu/aarch64/lin/aarch64-none/bin/../aarch64-xilinx-elf/usr/include/] ==> [/tools/Xilinx/Vitis/2023.2/gnu/aarch64/lin/aarch64-none/aarch64-xilinx-elf/usr/include]
  implicit include dirs: [/home/user/Desktop/write_bbram/zcu102/psu_cortexa53_0/standalone_psu_cortexa53_0/bsp/include;/tools/Xilinx/Vitis/2023.2/gnu/aarch64/lin/aarch64-none/x86_64-oesdk-linux/usr/lib/aarch64-xilinx-elf/gcc/aarch64-xilinx-elf/12.2.0/include;/tools/Xilinx/Vitis/2023.2/gnu/aarch64/lin/aarch64-none/x86_64-oesdk-linux/usr/lib/aarch64-xilinx-elf/gcc/aarch64-xilinx-elf/12.2.0/include-fixed;/tools/Xilinx/Vitis/2023.2/gnu/aarch64/lin/aarch64-none/aarch64-xilinx-elf/usr/include]


Parsed C implicit link information from above output:
  link line regex: [^( *|.*[/\])(aarch64-none-elf-ld|CMAKE_LINK_STARTFILE-NOTFOUND|([^/\]+-)?ld|collect2)[^/\]*( |$)]
  ignore line: [Change Dir: /home/user/Desktop/write_bbram/zcu102/psu_cortexa53_0/standalone_psu_cortexa53_0/bsp/libsrc/build_configs/gen_bsp/CMakeFiles/CMakeTmp]
  ignore line: []
  ignore line: [Run Build Command(s):/bin/gmake -f Makefile cmTC_68585/fast && /bin/gmake  -f CMakeFiles/cmTC_68585.dir/build.make CMakeFiles/cmTC_68585.dir/build]
  ignore line: [gmake[1]: Entering directory '/home/user/Desktop/write_bbram/zcu102/psu_cortexa53_0/standalone_psu_cortexa53_0/bsp/libsrc/build_configs/gen_bsp/CMakeFiles/CMakeTmp']
  ignore line: [Building C object CMakeFiles/cmTC_68585.dir/CMakeCCompilerABI.c.obj]
  ignore line: [/tools/Xilinx/Vitis/2023.2/gnu/aarch64/lin/aarch64-none/bin/aarch64-none-elf-gcc   -O2 -DSDT  -MMD -MP -specs=/home/user/Desktop/write_bbram/zcu102/psu_cortexa53_0/standalone_psu_cortexa53_0/bsp/Xilinx.spec -I/home/user/Desktop/write_bbram/zcu102/psu_cortexa53_0/standalone_psu_cortexa53_0/bsp/include    -v -o CMakeFiles/cmTC_68585.dir/CMakeCCompilerABI.c.obj -c /tools/Xilinx/Vitis/2023.2/tps/lnx64/cmake-3.24.2/share/cmake-3.24/Modules/CMakeCCompilerABI.c]
  ignore line: [Using built-in specs.]
  ignore line: [Reading specs from /home/user/Desktop/write_bbram/zcu102/psu_cortexa53_0/standalone_psu_cortexa53_0/bsp/Xilinx.spec]
  ignore line: [COLLECT_GCC=/tools/Xilinx/Vitis/2023.2/gnu/aarch64/lin/aarch64-none/bin/../x86_64-oesdk-linux/usr/bin/aarch64-xilinx-elf/aarch64-xilinx-elf-gcc.real]
  ignore line: [Target: aarch64-xilinx-elf]
  ignore line: [Configured with: ../../../../../../work-shared/gcc-12.2.0-r0/gcc-12.2.0/configure --build=x86_64-linux --host=x86_64-oesdk-linux --target=aarch64-xilinx-elf --prefix=/usr/local/oe-sdk-hardcoded-buildpath/sysroots/x86_64-oesdk-linux/usr --exec_prefix=/usr/local/oe-sdk-hardcoded-buildpath/sysroots/x86_64-oesdk-linux/usr --bindir=/usr/local/oe-sdk-hardcoded-buildpath/sysroots/x86_64-oesdk-linux/usr/bin/aarch64-xilinx-elf --sbindir=/usr/local/oe-sdk-hardcoded-buildpath/sysroots/x86_64-oesdk-linux/usr/bin/aarch64-xilinx-elf --libexecdir=/usr/local/oe-sdk-hardcoded-buildpath/sysroots/x86_64-oesdk-linux/usr/libexec/aarch64-xilinx-elf --datadir=/usr/local/oe-sdk-hardcoded-buildpath/sysroots/x86_64-oesdk-linux/usr/share --sysconfdir=/usr/local/oe-sdk-hardcoded-buildpath/sysroots/x86_64-oesdk-linux/etc --sharedstatedir=/usr/local/oe-sdk-hardcoded-buildpath/sysroots/x86_64-oesdk-linux/com --localstatedir=/usr/local/oe-sdk-hardcoded-buildpath/sysroots/x86_64-oesdk-linux/var --libdir=/usr/local/oe-sdk-hardcoded-buildpath/sysroots/x86_64-oesdk-linux/usr/lib/aarch64-xilinx-elf --includedir=/usr/local/oe-sdk-hardcoded-buildpath/sysroots/x86_64-oesdk-linux/usr/include --oldincludedir=/usr/local/oe-sdk-hardcoded-buildpath/sysroots/x86_64-oesdk-linux/usr/include --infodir=/usr/local/oe-sdk-hardcoded-buildpath/sysroots/x86_64-oesdk-linux/usr/share/info --mandir=/usr/local/oe-sdk-hardcoded-buildpath/sysroots/x86_64-oesdk-linux/usr/share/man --disable-silent-rules --disable-dependency-tracking --with-libtool-sysroot=/scratch/jenkins-BUILDS-eSDK-toolchain-2023.1_toolchain-7_Standalone_aarch64-tc/build/aarch64-tc-x86_64/work/x86_64-nativesdk-oesdk-linux/gcc-cross-canadian-aarch64/12.2.0-r0/recipe-sysroot --with-gnu-ld --enable-shared --enable-languages=c,c++,fortran --enable-threads=posix --enable-multilib --enable-c99 --enable-long-long --enable-libstdcxx-pch --program-prefix=aarch64-xilinx-elf- --without-local-prefix --disable-install-libiberty --disable-libssp --enable-libitm --enable-lto --disable-bootstrap --with-system-zlib --enable-linker-build-id --with-ppl=no --with-cloog=no --enable-checking=release --enable-cheaders=c_global --without-isl --with-gxx-include-dir=/not/exist/usr/include/c++/12.2.0 --with-build-time-tools=/scratch/jenkins-BUILDS-eSDK-toolchain-2023.1_toolchain-7_Standalone_aarch64-tc/build/aarch64-tc-x86_64/work/x86_64-nativesdk-oesdk-linux/gcc-cross-canadian-aarch64/12.2.0-r0/recipe-sysroot-native/usr/aarch64-xilinx-elf/bin --with-sysroot=/not/exist --with-build-sysroot=/scratch/jenkins-BUILDS-eSDK-toolchain-2023.1_toolchain-7_Standalone_aarch64-tc/build/aarch64-tc-x86_64/work/x86_64-nativesdk-oesdk-linux/gcc-cross-canadian-aarch64/12.2.0-r0/recipe-sysroot --enable-standard-branch-protection --with-plugin-ld=ld --enable-poison-system-directories --enable-nls --with-glibc-version=2.28 --enable-initfini-array --disable-libstdcxx-pch --with-newlib --disable-threads --enable-plugins --with-gnu-as --disable-libitm --disable-multiarch --with-arch=armv8-a --enable-multilib --with-sysroot=/not/exist]
  ignore line: [Thread model: single]
  ignore line: [Supported LTO compression algorithms: zlib zstd]
  ignore line: [gcc version 12.2.0 (GCC) ]
  ignore line: [COLLECT_GCC_OPTIONS='--sysroot=/tools/Xilinx/Vitis/2023.2/gnu/aarch64/lin/aarch64-none/bin/../aarch64-xilinx-elf' '-mbranch-protection=none' '-O2' '-D' 'SDT' '-MMD' '-MP' '-specs=/home/user/Desktop/write_bbram/zcu102/psu_cortexa53_0/standalone_psu_cortexa53_0/bsp/Xilinx.spec' '-I' '/home/user/Desktop/write_bbram/zcu102/psu_cortexa53_0/standalone_psu_cortexa53_0/bsp/include' '-v' '-o' 'CMakeFiles/cmTC_68585.dir/CMakeCCompilerABI.c.obj' '-c' '-march=armv8-a' '-mlittle-endian' '-mabi=lp64' '-dumpdir' 'CMakeFiles/cmTC_68585.dir/']
  ignore line: [ /tools/Xilinx/Vitis/2023.2/gnu/aarch64/lin/aarch64-none/x86_64-oesdk-linux/usr/bin/aarch64-xilinx-elf/../../libexec/aarch64-xilinx-elf/gcc/aarch64-xilinx-elf/12.2.0/cc1 -quiet -v -I /home/user/Desktop/write_bbram/zcu102/psu_cortexa53_0/standalone_psu_cortexa53_0/bsp/include -iprefix /tools/Xilinx/Vitis/2023.2/gnu/aarch64/lin/aarch64-none/x86_64-oesdk-linux/usr/bin/aarch64-xilinx-elf/../../lib/aarch64-xilinx-elf/gcc/aarch64-xilinx-elf/12.2.0/ -isysroot /tools/Xilinx/Vitis/2023.2/gnu/aarch64/lin/aarch64-none/bin/../aarch64-xilinx-elf -MMD CMakeFiles/cmTC_68585.dir/CMakeCCompilerABI.c.d -MP -MQ CMakeFiles/cmTC_68585.dir/CMakeCCompilerABI.c.obj -D SDT /tools/Xilinx/Vitis/2023.2/tps/lnx64/cmake-3.24.2/share/cmake-3.24/Modules/CMakeCCompilerABI.c -quiet -dumpdir CMakeFiles/cmTC_68585.dir/ -dumpbase CMakeCCompilerABI.c.c -dumpbase-ext .c -mbranch-protection=none -march=armv8-a -mlittle-endian -mabi=lp64 -O2 -version -o /tmp/ccYglu2t.s]
  ignore line: [GNU C17 (GCC) version 12.2.0 (aarch64-xilinx-elf)]
  ignore line: [	compiled by GNU C version 12.2.0  GMP version 6.2.1  MPFR version 4.1.0  MPC version 1.2.1  isl version none]
  ignore line: [GGC heuristics: --param ggc-min-expand=100 --param ggc-min-heapsize=131072]
  ignore line: [ignoring nonexistent directory "/tools/Xilinx/Vitis/2023.2/gnu/aarch64/lin/aarch64-none/x86_64-oesdk-linux/usr/bin/aarch64-xilinx-elf/../../lib/aarch64-xilinx-elf/gcc/aarch64-xilinx-elf/12.2.0/../../../../../aarch64-xilinx-elf/include"]
  ignore line: [ignoring duplicate directory "/tools/Xilinx/Vitis/2023.2/gnu/aarch64/lin/aarch64-none/x86_64-oesdk-linux/usr/bin/aarch64-xilinx-elf/../../lib/aarch64-xilinx-elf/gcc/../../../lib/aarch64-xilinx-elf/gcc/aarch64-xilinx-elf/12.2.0/include"]
  ignore line: [ignoring nonexistent directory "/tools/Xilinx/Vitis/2023.2/gnu/aarch64/lin/aarch64-none/bin/../aarch64-xilinx-elf/usr/lib64/aarch64-xilinx-elf/12.2.0/include"]
  ignore line: [ignoring nonexistent directory "/tools/Xilinx/Vitis/2023.2/gnu/aarch64/lin/aarch64-none/bin/../aarch64-xilinx-elf/usr/local/include"]
  ignore line: [ignoring duplicate directory "/tools/Xilinx/Vitis/2023.2/gnu/aarch64/lin/aarch64-none/x86_64-oesdk-linux/usr/bin/aarch64-xilinx-elf/../../lib/aarch64-xilinx-elf/gcc/../../../lib/aarch64-xilinx-elf/gcc/aarch64-xilinx-elf/12.2.0/include-fixed"]
  ignore line: [ignoring nonexistent directory "/tools/Xilinx/Vitis/2023.2/gnu/aarch64/lin/aarch64-none/x86_64-oesdk-linux/usr/bin/aarch64-xilinx-elf/../../lib/aarch64-xilinx-elf/gcc/../../../lib/aarch64-xilinx-elf/gcc/aarch64-xilinx-elf/12.2.0/../../../../../aarch64-xilinx-elf/include"]
  ignore line: [#include "..." search starts here:]
  ignore line: [#include <...> search starts here:]
  ignore line: [ /home/user/Desktop/write_bbram/zcu102/psu_cortexa53_0/standalone_psu_cortexa53_0/bsp/include]
  ignore line: [ /tools/Xilinx/Vitis/2023.2/gnu/aarch64/lin/aarch64-none/x86_64-oesdk-linux/usr/bin/aarch64-xilinx-elf/../../lib/aarch64-xilinx-elf/gcc/aarch64-xilinx-elf/12.2.0/include]
  ignore line: [ /tools/Xilinx/Vitis/2023.2/gnu/aarch64/lin/aarch64-none/x86_64-oesdk-linux/usr/bin/aarch64-xilinx-elf/../../lib/aarch64-xilinx-elf/gcc/aarch64-xilinx-elf/12.2.0/include-fixed]
  ignore line: [ /tools/Xilinx/Vitis/2023.2/gnu/aarch64/lin/aarch64-none/bin/../aarch64-xilinx-elf/usr/include/]
  ignore line: [End of search list.]
  ignore line: [GNU C17 (GCC) version 12.2.0 (aarch64-xilinx-elf)]
  ignore line: [	compiled by GNU C version 12.2.0  GMP version 6.2.1  MPFR version 4.1.0  MPC version 1.2.1  isl version none]
  ignore line: [GGC heuristics: --param ggc-min-expand=100 --param ggc-min-heapsize=131072]
  ignore line: [Compiler executable checksum: faf2342161a4e41c50a6315b0589fe38]
  ignore line: [COLLECT_GCC_OPTIONS='--sysroot=/tools/Xilinx/Vitis/2023.2/gnu/aarch64/lin/aarch64-none/bin/../aarch64-xilinx-elf' '-mbranch-protection=none' '-O2' '-D' 'SDT' '-MMD' '-MP' '-specs=/home/user/Desktop/write_bbram/zcu102/psu_cortexa53_0/standalone_psu_cortexa53_0/bsp/Xilinx.spec' '-I' '/home/user/Desktop/write_bbram/zcu102/psu_cortexa53_0/standalone_psu_cortexa53_0/bsp/include' '-v' '-o' 'CMakeFiles/cmTC_68585.dir/CMakeCCompilerABI.c.obj' '-c' '-march=armv8-a' '-mlittle-endian' '-mabi=lp64' '-dumpdir' 'CMakeFiles/cmTC_68585.dir/']
  ignore line: [ /tools/Xilinx/Vitis/2023.2/gnu/aarch64/lin/aarch64-none/x86_64-oesdk-linux/usr/bin/aarch64-xilinx-elf/../../libexec/aarch64-xilinx-elf/gcc/aarch64-xilinx-elf/12.2.0/as -v -I /home/user/Desktop/write_bbram/zcu102/psu_cortexa53_0/standalone_psu_cortexa53_0/bsp/include -EL -march=armv8-a -mabi=lp64 -o CMakeFiles/cmTC_68585.dir/CMakeCCompilerABI.c.obj /tmp/ccYglu2t.s]
  ignore line: [GNU assembler version 2.39.0 (aarch64-xilinx-elf) using BFD version (GNU Binutils) 2.39.0.20220819]
  ignore line: [COMPILER_PATH=/tools/Xilinx/Vitis/2023.2/gnu/aarch64/lin/aarch64-none/x86_64-oesdk-linux/usr/bin/aarch64-xilinx-elf/../../libexec/aarch64-xilinx-elf/gcc/aarch64-xilinx-elf/12.2.0/:/tools/Xilinx/Vitis/2023.2/gnu/aarch64/lin/aarch64-none/x86_64-oesdk-linux/usr/bin/aarch64-xilinx-elf/../../libexec/aarch64-xilinx-elf/gcc/]
  ignore line: [LIBRARY_PATH=/tools/Xilinx/Vitis/2023.2/gnu/aarch64/lin/aarch64-none/x86_64-oesdk-linux/usr/bin/aarch64-xilinx-elf/../../lib/aarch64-xilinx-elf/gcc/aarch64-xilinx-elf/12.2.0/:/tools/Xilinx/Vitis/2023.2/gnu/aarch64/lin/aarch64-none/x86_64-oesdk-linux/usr/bin/aarch64-xilinx-elf/../../lib/aarch64-xilinx-elf/gcc/:/tools/Xilinx/Vitis/2023.2/gnu/aarch64/lin/aarch64-none/bin/../aarch64-xilinx-elf/usr/lib64/aarch64-xilinx-elf/12.2.0/:/tools/Xilinx/Vitis/2023.2/gnu/aarch64/lin/aarch64-none/bin/../aarch64-xilinx-elf/usr/lib64/]
  ignore line: [COLLECT_GCC_OPTIONS='--sysroot=/tools/Xilinx/Vitis/2023.2/gnu/aarch64/lin/aarch64-none/bin/../aarch64-xilinx-elf' '-mbranch-protection=none' '-O2' '-D' 'SDT' '-MMD' '-MP' '-specs=/home/user/Desktop/write_bbram/zcu102/psu_cortexa53_0/standalone_psu_cortexa53_0/bsp/Xilinx.spec' '-I' '/home/user/Desktop/write_bbram/zcu102/psu_cortexa53_0/standalone_psu_cortexa53_0/bsp/include' '-v' '-o' 'CMakeFiles/cmTC_68585.dir/CMakeCCompilerABI.c.obj' '-c' '-march=armv8-a' '-mlittle-endian' '-mabi=lp64' '-dumpdir' 'CMakeFiles/cmTC_68585.dir/CMakeCCompilerABI.c.']
  ignore line: [Linking C executable cmTC_68585]
  ignore line: [/tools/Xilinx/Vitis/2023.2/tps/lnx64/cmake-3.24.2/bin/cmake -E cmake_link_script CMakeFiles/cmTC_68585.dir/link.txt --verbose=1]
  ignore line: [/tools/Xilinx/Vitis/2023.2/gnu/aarch64/lin/aarch64-none/bin/aarch64-none-elf-gcc  -O2 -DSDT  -MMD -MP -specs=/home/user/Desktop/write_bbram/zcu102/psu_cortexa53_0/standalone_psu_cortexa53_0/bsp/Xilinx.spec -I/home/user/Desktop/write_bbram/zcu102/psu_cortexa53_0/standalone_psu_cortexa53_0/bsp/include   -v CMakeFiles/cmTC_68585.dir/CMakeCCompilerABI.c.obj -o cmTC_68585 ]
  ignore line: [Using built-in specs.]
  ignore line: [Reading specs from /home/user/Desktop/write_bbram/zcu102/psu_cortexa53_0/standalone_psu_cortexa53_0/bsp/Xilinx.spec]
  ignore line: [COLLECT_GCC=/tools/Xilinx/Vitis/2023.2/gnu/aarch64/lin/aarch64-none/bin/../x86_64-oesdk-linux/usr/bin/aarch64-xilinx-elf/aarch64-xilinx-elf-gcc.real]
  ignore line: [COLLECT_LTO_WRAPPER=/tools/Xilinx/Vitis/2023.2/gnu/aarch64/lin/aarch64-none/x86_64-oesdk-linux/usr/bin/aarch64-xilinx-elf/../../libexec/aarch64-xilinx-elf/gcc/aarch64-xilinx-elf/12.2.0/lto-wrapper]
  ignore line: [Target: aarch64-xilinx-elf]
  ignore line: [Configured with: ../../../../../../work-shared/gcc-12.2.0-r0/gcc-12.2.0/configure --build=x86_64-linux --host=x86_64-oesdk-linux --target=aarch64-xilinx-elf --prefix=/usr/local/oe-sdk-hardcoded-buildpath/sysroots/x86_64-oesdk-linux/usr --exec_prefix=/usr/local/oe-sdk-hardcoded-buildpath/sysroots/x86_64-oesdk-linux/usr --bindir=/usr/local/oe-sdk-hardcoded-buildpath/sysroots/x86_64-oesdk-linux/usr/bin/aarch64-xilinx-elf --sbindir=/usr/local/oe-sdk-hardcoded-buildpath/sysroots/x86_64-oesdk-linux/usr/bin/aarch64-xilinx-elf --libexecdir=/usr/local/oe-sdk-hardcoded-buildpath/sysroots/x86_64-oesdk-linux/usr/libexec/aarch64-xilinx-elf --datadir=/usr/local/oe-sdk-hardcoded-buildpath/sysroots/x86_64-oesdk-linux/usr/share --sysconfdir=/usr/local/oe-sdk-hardcoded-buildpath/sysroots/x86_64-oesdk-linux/etc --sharedstatedir=/usr/local/oe-sdk-hardcoded-buildpath/sysroots/x86_64-oesdk-linux/com --localstatedir=/usr/local/oe-sdk-hardcoded-buildpath/sysroots/x86_64-oesdk-linux/var --libdir=/usr/local/oe-sdk-hardcoded-buildpath/sysroots/x86_64-oesdk-linux/usr/lib/aarch64-xilinx-elf --includedir=/usr/local/oe-sdk-hardcoded-buildpath/sysroots/x86_64-oesdk-linux/usr/include --oldincludedir=/usr/local/oe-sdk-hardcoded-buildpath/sysroots/x86_64-oesdk-linux/usr/include --infodir=/usr/local/oe-sdk-hardcoded-buildpath/sysroots/x86_64-oesdk-linux/usr/share/info --mandir=/usr/local/oe-sdk-hardcoded-buildpath/sysroots/x86_64-oesdk-linux/usr/share/man --disable-silent-rules --disable-dependency-tracking --with-libtool-sysroot=/scratch/jenkins-BUILDS-eSDK-toolchain-2023.1_toolchain-7_Standalone_aarch64-tc/build/aarch64-tc-x86_64/work/x86_64-nativesdk-oesdk-linux/gcc-cross-canadian-aarch64/12.2.0-r0/recipe-sysroot --with-gnu-ld --enable-shared --enable-languages=c,c++,fortran --enable-threads=posix --enable-multilib --enable-c99 --enable-long-long --enable-libstdcxx-pch --program-prefix=aarch64-xilinx-elf- --without-local-prefix --disable-install-libiberty --disable-libssp --enable-libitm --enable-lto --disable-bootstrap --with-system-zlib --enable-linker-build-id --with-ppl=no --with-cloog=no --enable-checking=release --enable-cheaders=c_global --without-isl --with-gxx-include-dir=/not/exist/usr/include/c++/12.2.0 --with-build-time-tools=/scratch/jenkins-BUILDS-eSDK-toolchain-2023.1_toolchain-7_Standalone_aarch64-tc/build/aarch64-tc-x86_64/work/x86_64-nativesdk-oesdk-linux/gcc-cross-canadian-aarch64/12.2.0-r0/recipe-sysroot-native/usr/aarch64-xilinx-elf/bin --with-sysroot=/not/exist --with-build-sysroot=/scratch/jenkins-BUILDS-eSDK-toolchain-2023.1_toolchain-7_Standalone_aarch64-tc/build/aarch64-tc-x86_64/work/x86_64-nativesdk-oesdk-linux/gcc-cross-canadian-aarch64/12.2.0-r0/recipe-sysroot --enable-standard-branch-protection --with-plugin-ld=ld --enable-poison-system-directories --enable-nls --with-glibc-version=2.28 --enable-initfini-array --disable-libstdcxx-pch --with-newlib --disable-threads --enable-plugins --with-gnu-as --disable-libitm --disable-multiarch --with-arch=armv8-a --enable-multilib --with-sysroot=/not/exist]
  ignore line: [Thread model: single]
  ignore line: [Supported LTO compression algorithms: zlib zstd]
  ignore line: [gcc version 12.2.0 (GCC) ]
  ignore line: [COMPILER_PATH=/tools/Xilinx/Vitis/2023.2/gnu/aarch64/lin/aarch64-none/x86_64-oesdk-linux/usr/bin/aarch64-xilinx-elf/../../libexec/aarch64-xilinx-elf/gcc/aarch64-xilinx-elf/12.2.0/:/tools/Xilinx/Vitis/2023.2/gnu/aarch64/lin/aarch64-none/x86_64-oesdk-linux/usr/bin/aarch64-xilinx-elf/../../libexec/aarch64-xilinx-elf/gcc/]
  ignore line: [LIBRARY_PATH=/tools/Xilinx/Vitis/2023.2/gnu/aarch64/lin/aarch64-none/x86_64-oesdk-linux/usr/bin/aarch64-xilinx-elf/../../lib/aarch64-xilinx-elf/gcc/aarch64-xilinx-elf/12.2.0/:/tools/Xilinx/Vitis/2023.2/gnu/aarch64/lin/aarch64-none/x86_64-oesdk-linux/usr/bin/aarch64-xilinx-elf/../../lib/aarch64-xilinx-elf/gcc/:/tools/Xilinx/Vitis/2023.2/gnu/aarch64/lin/aarch64-none/bin/../aarch64-xilinx-elf/usr/lib64/aarch64-xilinx-elf/12.2.0/:/tools/Xilinx/Vitis/2023.2/gnu/aarch64/lin/aarch64-none/bin/../aarch64-xilinx-elf/usr/lib64/]
  ignore line: [COLLECT_GCC_OPTIONS='--sysroot=/tools/Xilinx/Vitis/2023.2/gnu/aarch64/lin/aarch64-none/bin/../aarch64-xilinx-elf' '-mbranch-protection=none' '-O2' '-D' 'SDT' '-MMD' '-MP' '-specs=/home/user/Desktop/write_bbram/zcu102/psu_cortexa53_0/standalone_psu_cortexa53_0/bsp/Xilinx.spec' '-I' '/home/user/Desktop/write_bbram/zcu102/psu_cortexa53_0/standalone_psu_cortexa53_0/bsp/include' '-v' '-o' 'cmTC_68585' '-march=armv8-a' '-mlittle-endian' '-mabi=lp64' '-dumpdir' 'cmTC_68585.']
  link line: [ /tools/Xilinx/Vitis/2023.2/gnu/aarch64/lin/aarch64-none/x86_64-oesdk-linux/usr/bin/aarch64-xilinx-elf/../../libexec/aarch64-xilinx-elf/gcc/aarch64-xilinx-elf/12.2.0/collect2 -plugin /tools/Xilinx/Vitis/2023.2/gnu/aarch64/lin/aarch64-none/x86_64-oesdk-linux/usr/bin/aarch64-xilinx-elf/../../libexec/aarch64-xilinx-elf/gcc/aarch64-xilinx-elf/12.2.0/liblto_plugin.so -plugin-opt=/tools/Xilinx/Vitis/2023.2/gnu/aarch64/lin/aarch64-none/x86_64-oesdk-linux/usr/bin/aarch64-xilinx-elf/../../libexec/aarch64-xilinx-elf/gcc/aarch64-xilinx-elf/12.2.0/lto-wrapper -plugin-opt=-fresolution=/tmp/ccGWr2qf.res -plugin-opt=-pass-through=-lgcc -plugin-opt=-pass-through=-lc -plugin-opt=-pass-through=-lgcc --sysroot=/tools/Xilinx/Vitis/2023.2/gnu/aarch64/lin/aarch64-none/bin/../aarch64-xilinx-elf --build-id -EL -X -maarch64elf -o cmTC_68585 /tools/Xilinx/Vitis/2023.2/gnu/aarch64/lin/aarch64-none/bin/../aarch64-xilinx-elf/usr/lib64/aarch64-xilinx-elf/12.2.0/crti.o /tools/Xilinx/Vitis/2023.2/gnu/aarch64/lin/aarch64-none/bin/../aarch64-xilinx-elf/usr/lib64/aarch64-xilinx-elf/12.2.0/crtbegin.o -L/tools/Xilinx/Vitis/2023.2/gnu/aarch64/lin/aarch64-none/x86_64-oesdk-linux/usr/bin/aarch64-xilinx-elf/../../lib/aarch64-xilinx-elf/gcc/aarch64-xilinx-elf/12.2.0 -L/tools/Xilinx/Vitis/2023.2/gnu/aarch64/lin/aarch64-none/x86_64-oesdk-linux/usr/bin/aarch64-xilinx-elf/../../lib/aarch64-xilinx-elf/gcc -L/tools/Xilinx/Vitis/2023.2/gnu/aarch64/lin/aarch64-none/bin/../aarch64-xilinx-elf/usr/lib64/aarch64-xilinx-elf/12.2.0 -L/tools/Xilinx/Vitis/2023.2/gnu/aarch64/lin/aarch64-none/bin/../aarch64-xilinx-elf/usr/lib64 --no-warn-rwx-segment CMakeFiles/cmTC_68585.dir/CMakeCCompilerABI.c.obj -lgcc -lc -lgcc /tools/Xilinx/Vitis/2023.2/gnu/aarch64/lin/aarch64-none/bin/../aarch64-xilinx-elf/usr/lib64/aarch64-xilinx-elf/12.2.0/crtend.o /tools/Xilinx/Vitis/2023.2/gnu/aarch64/lin/aarch64-none/bin/../aarch64-xilinx-elf/usr/lib64/aarch64-xilinx-elf/12.2.0/crtn.o]
    arg [/tools/Xilinx/Vitis/2023.2/gnu/aarch64/lin/aarch64-none/x86_64-oesdk-linux/usr/bin/aarch64-xilinx-elf/../../libexec/aarch64-xilinx-elf/gcc/aarch64-xilinx-elf/12.2.0/collect2] ==> ignore
    arg [-plugin] ==> ignore
    arg [/tools/Xilinx/Vitis/2023.2/gnu/aarch64/lin/aarch64-none/x86_64-oesdk-linux/usr/bin/aarch64-xilinx-elf/../../libexec/aarch64-xilinx-elf/gcc/aarch64-xilinx-elf/12.2.0/liblto_plugin.so] ==> ignore
    arg [-plugin-opt=/tools/Xilinx/Vitis/2023.2/gnu/aarch64/lin/aarch64-none/x86_64-oesdk-linux/usr/bin/aarch64-xilinx-elf/../../libexec/aarch64-xilinx-elf/gcc/aarch64-xilinx-elf/12.2.0/lto-wrapper] ==> ignore
    arg [-plugin-opt=-fresolution=/tmp/ccGWr2qf.res] ==> ignore
    arg [-plugin-opt=-pass-through=-lgcc] ==> ignore
    arg [-plugin-opt=-pass-through=-lc] ==> ignore
    arg [-plugin-opt=-pass-through=-lgcc] ==> ignore
    arg [--sysroot=/tools/Xilinx/Vitis/2023.2/gnu/aarch64/lin/aarch64-none/bin/../aarch64-xilinx-elf] ==> ignore
    arg [--build-id] ==> ignore
    arg [-EL] ==> ignore
    arg [-X] ==> ignore
    arg [-maarch64elf] ==> ignore
    arg [-o] ==> ignore
    arg [cmTC_68585] ==> ignore
    arg [/tools/Xilinx/Vitis/2023.2/gnu/aarch64/lin/aarch64-none/bin/../aarch64-xilinx-elf/usr/lib64/aarch64-xilinx-elf/12.2.0/crti.o] ==> obj [/tools/Xilinx/Vitis/2023.2/gnu/aarch64/lin/aarch64-none/bin/../aarch64-xilinx-elf/usr/lib64/aarch64-xilinx-elf/12.2.0/crti.o]
    arg [/tools/Xilinx/Vitis/2023.2/gnu/aarch64/lin/aarch64-none/bin/../aarch64-xilinx-elf/usr/lib64/aarch64-xilinx-elf/12.2.0/crtbegin.o] ==> obj [/tools/Xilinx/Vitis/2023.2/gnu/aarch64/lin/aarch64-none/bin/../aarch64-xilinx-elf/usr/lib64/aarch64-xilinx-elf/12.2.0/crtbegin.o]
    arg [-L/tools/Xilinx/Vitis/2023.2/gnu/aarch64/lin/aarch64-none/x86_64-oesdk-linux/usr/bin/aarch64-xilinx-elf/../../lib/aarch64-xilinx-elf/gcc/aarch64-xilinx-elf/12.2.0] ==> dir [/tools/Xilinx/Vitis/2023.2/gnu/aarch64/lin/aarch64-none/x86_64-oesdk-linux/usr/bin/aarch64-xilinx-elf/../../lib/aarch64-xilinx-elf/gcc/aarch64-xilinx-elf/12.2.0]
    arg [-L/tools/Xilinx/Vitis/2023.2/gnu/aarch64/lin/aarch64-none/x86_64-oesdk-linux/usr/bin/aarch64-xilinx-elf/../../lib/aarch64-xilinx-elf/gcc] ==> dir [/tools/Xilinx/Vitis/2023.2/gnu/aarch64/lin/aarch64-none/x86_64-oesdk-linux/usr/bin/aarch64-xilinx-elf/../../lib/aarch64-xilinx-elf/gcc]
    arg [-L/tools/Xilinx/Vitis/2023.2/gnu/aarch64/lin/aarch64-none/bin/../aarch64-xilinx-elf/usr/lib64/aarch64-xilinx-elf/12.2.0] ==> dir [/tools/Xilinx/Vitis/2023.2/gnu/aarch64/lin/aarch64-none/bin/../aarch64-xilinx-elf/usr/lib64/aarch64-xilinx-elf/12.2.0]
    arg [-L/tools/Xilinx/Vitis/2023.2/gnu/aarch64/lin/aarch64-none/bin/../aarch64-xilinx-elf/usr/lib64] ==> dir [/tools/Xilinx/Vitis/2023.2/gnu/aarch64/lin/aarch64-none/bin/../aarch64-xilinx-elf/usr/lib64]
    arg [--no-warn-rwx-segment] ==> ignore
    arg [CMakeFiles/cmTC_68585.dir/CMakeCCompilerABI.c.obj] ==> ignore
    arg [-lgcc] ==> lib [gcc]
    arg [-lc] ==> lib [c]
    arg [-lgcc] ==> lib [gcc]
    arg [/tools/Xilinx/Vitis/2023.2/gnu/aarch64/lin/aarch64-none/bin/../aarch64-xilinx-elf/usr/lib64/aarch64-xilinx-elf/12.2.0/crtend.o] ==> obj [/tools/Xilinx/Vitis/2023.2/gnu/aarch64/lin/aarch64-none/bin/../aarch64-xilinx-elf/usr/lib64/aarch64-xilinx-elf/12.2.0/crtend.o]
    arg [/tools/Xilinx/Vitis/2023.2/gnu/aarch64/lin/aarch64-none/bin/../aarch64-xilinx-elf/usr/lib64/aarch64-xilinx-elf/12.2.0/crtn.o] ==> obj [/tools/Xilinx/Vitis/2023.2/gnu/aarch64/lin/aarch64-none/bin/../aarch64-xilinx-elf/usr/lib64/aarch64-xilinx-elf/12.2.0/crtn.o]
  collapse obj [/tools/Xilinx/Vitis/2023.2/gnu/aarch64/lin/aarch64-none/bin/../aarch64-xilinx-elf/usr/lib64/aarch64-xilinx-elf/12.2.0/crti.o] ==> [/tools/Xilinx/Vitis/2023.2/gnu/aarch64/lin/aarch64-none/aarch64-xilinx-elf/usr/lib64/aarch64-xilinx-elf/12.2.0/crti.o]
  collapse obj [/tools/Xilinx/Vitis/2023.2/gnu/aarch64/lin/aarch64-none/bin/../aarch64-xilinx-elf/usr/lib64/aarch64-xilinx-elf/12.2.0/crtbegin.o] ==> [/tools/Xilinx/Vitis/2023.2/gnu/aarch64/lin/aarch64-none/aarch64-xilinx-elf/usr/lib64/aarch64-xilinx-elf/12.2.0/crtbegin.o]
  collapse obj [/tools/Xilinx/Vitis/2023.2/gnu/aarch64/lin/aarch64-none/bin/../aarch64-xilinx-elf/usr/lib64/aarch64-xilinx-elf/12.2.0/crtend.o] ==> [/tools/Xilinx/Vitis/2023.2/gnu/aarch64/lin/aarch64-none/aarch64-xilinx-elf/usr/lib64/aarch64-xilinx-elf/12.2.0/crtend.o]
  collapse obj [/tools/Xilinx/Vitis/2023.2/gnu/aarch64/lin/aarch64-none/bin/../aarch64-xilinx-elf/usr/lib64/aarch64-xilinx-elf/12.2.0/crtn.o] ==> [/tools/Xilinx/Vitis/2023.2/gnu/aarch64/lin/aarch64-none/aarch64-xilinx-elf/usr/lib64/aarch64-xilinx-elf/12.2.0/crtn.o]
  collapse library dir [/tools/Xilinx/Vitis/2023.2/gnu/aarch64/lin/aarch64-none/x86_64-oesdk-linux/usr/bin/aarch64-xilinx-elf/../../lib/aarch64-xilinx-elf/gcc/aarch64-xilinx-elf/12.2.0] ==> [/tools/Xilinx/Vitis/2023.2/gnu/aarch64/lin/aarch64-none/x86_64-oesdk-linux/usr/lib/aarch64-xilinx-elf/gcc/aarch64-xilinx-elf/12.2.0]
  collapse library dir [/tools/Xilinx/Vitis/2023.2/gnu/aarch64/lin/aarch64-none/x86_64-oesdk-linux/usr/bin/aarch64-xilinx-elf/../../lib/aarch64-xilinx-elf/gcc] ==> [/tools/Xilinx/Vitis/2023.2/gnu/aarch64/lin/aarch64-none/x86_64-oesdk-linux/usr/lib/aarch64-xilinx-elf/gcc]
  collapse library dir [/tools/Xilinx/Vitis/2023.2/gnu/aarch64/lin/aarch64-none/bin/../aarch64-xilinx-elf/usr/lib64/aarch64-xilinx-elf/12.2.0] ==> [/tools/Xilinx/Vitis/2023.2/gnu/aarch64/lin/aarch64-none/aarch64-xilinx-elf/usr/lib64/aarch64-xilinx-elf/12.2.0]
  collapse library dir [/tools/Xilinx/Vitis/2023.2/gnu/aarch64/lin/aarch64-none/bin/../aarch64-xilinx-elf/usr/lib64] ==> [/tools/Xilinx/Vitis/2023.2/gnu/aarch64/lin/aarch64-none/aarch64-xilinx-elf/usr/lib64]
  implicit libs: [gcc;c;gcc]
  implicit objs: [/tools/Xilinx/Vitis/2023.2/gnu/aarch64/lin/aarch64-none/aarch64-xilinx-elf/usr/lib64/aarch64-xilinx-elf/12.2.0/crti.o;/tools/Xilinx/Vitis/2023.2/gnu/aarch64/lin/aarch64-none/aarch64-xilinx-elf/usr/lib64/aarch64-xilinx-elf/12.2.0/crtbegin.o;/tools/Xilinx/Vitis/2023.2/gnu/aarch64/lin/aarch64-none/aarch64-xilinx-elf/usr/lib64/aarch64-xilinx-elf/12.2.0/crtend.o;/tools/Xilinx/Vitis/2023.2/gnu/aarch64/lin/aarch64-none/aarch64-xilinx-elf/usr/lib64/aarch64-xilinx-elf/12.2.0/crtn.o]
  implicit dirs: [/tools/Xilinx/Vitis/2023.2/gnu/aarch64/lin/aarch64-none/x86_64-oesdk-linux/usr/lib/aarch64-xilinx-elf/gcc/aarch64-xilinx-elf/12.2.0;/tools/Xilinx/Vitis/2023.2/gnu/aarch64/lin/aarch64-none/x86_64-oesdk-linux/usr/lib/aarch64-xilinx-elf/gcc;/tools/Xilinx/Vitis/2023.2/gnu/aarch64/lin/aarch64-none/aarch64-xilinx-elf/usr/lib64/aarch64-xilinx-elf/12.2.0;/tools/Xilinx/Vitis/2023.2/gnu/aarch64/lin/aarch64-none/aarch64-xilinx-elf/usr/lib64]
  implicit fwks: []


Detecting CXX compiler ABI info compiled with the following output:
Change Dir: /home/user/Desktop/write_bbram/zcu102/psu_cortexa53_0/standalone_psu_cortexa53_0/bsp/libsrc/build_configs/gen_bsp/CMakeFiles/CMakeTmp

Run Build Command(s):/bin/gmake -f Makefile cmTC_bde4d/fast && /bin/gmake  -f CMakeFiles/cmTC_bde4d.dir/build.make CMakeFiles/cmTC_bde4d.dir/build
gmake[1]: Entering directory '/home/user/Desktop/write_bbram/zcu102/psu_cortexa53_0/standalone_psu_cortexa53_0/bsp/libsrc/build_configs/gen_bsp/CMakeFiles/CMakeTmp'
Building CXX object CMakeFiles/cmTC_bde4d.dir/CMakeCXXCompilerABI.cpp.obj
/tools/Xilinx/Vitis/2023.2/gnu/aarch64/lin/aarch64-none/bin/aarch64-none-elf-g++   -O2 -DSDT  -MMD -MP -specs=/home/user/Desktop/write_bbram/zcu102/psu_cortexa53_0/standalone_psu_cortexa53_0/bsp/Xilinx.spec -I/home/user/Desktop/write_bbram/zcu102/psu_cortexa53_0/standalone_psu_cortexa53_0/bsp/include    -v -o CMakeFiles/cmTC_bde4d.dir/CMakeCXXCompilerABI.cpp.obj -c /tools/Xilinx/Vitis/2023.2/tps/lnx64/cmake-3.24.2/share/cmake-3.24/Modules/CMakeCXXCompilerABI.cpp
Using built-in specs.
Reading specs from /home/user/Desktop/write_bbram/zcu102/psu_cortexa53_0/standalone_psu_cortexa53_0/bsp/Xilinx.spec
COLLECT_GCC=/tools/Xilinx/Vitis/2023.2/gnu/aarch64/lin/aarch64-none/bin/../x86_64-oesdk-linux/usr/bin/aarch64-xilinx-elf/aarch64-xilinx-elf-g++.real
Target: aarch64-xilinx-elf
Configured with: ../../../../../../work-shared/gcc-12.2.0-r0/gcc-12.2.0/configure --build=x86_64-linux --host=x86_64-oesdk-linux --target=aarch64-xilinx-elf --prefix=/usr/local/oe-sdk-hardcoded-buildpath/sysroots/x86_64-oesdk-linux/usr --exec_prefix=/usr/local/oe-sdk-hardcoded-buildpath/sysroots/x86_64-oesdk-linux/usr --bindir=/usr/local/oe-sdk-hardcoded-buildpath/sysroots/x86_64-oesdk-linux/usr/bin/aarch64-xilinx-elf --sbindir=/usr/local/oe-sdk-hardcoded-buildpath/sysroots/x86_64-oesdk-linux/usr/bin/aarch64-xilinx-elf --libexecdir=/usr/local/oe-sdk-hardcoded-buildpath/sysroots/x86_64-oesdk-linux/usr/libexec/aarch64-xilinx-elf --datadir=/usr/local/oe-sdk-hardcoded-buildpath/sysroots/x86_64-oesdk-linux/usr/share --sysconfdir=/usr/local/oe-sdk-hardcoded-buildpath/sysroots/x86_64-oesdk-linux/etc --sharedstatedir=/usr/local/oe-sdk-hardcoded-buildpath/sysroots/x86_64-oesdk-linux/com --localstatedir=/usr/local/oe-sdk-hardcoded-buildpath/sysroots/x86_64-oesdk-linux/var --libdir=/usr/local/oe-sdk-hardcoded-buildpath/sysroots/x86_64-oesdk-linux/usr/lib/aarch64-xilinx-elf --includedir=/usr/local/oe-sdk-hardcoded-buildpath/sysroots/x86_64-oesdk-linux/usr/include --oldincludedir=/usr/local/oe-sdk-hardcoded-buildpath/sysroots/x86_64-oesdk-linux/usr/include --infodir=/usr/local/oe-sdk-hardcoded-buildpath/sysroots/x86_64-oesdk-linux/usr/share/info --mandir=/usr/local/oe-sdk-hardcoded-buildpath/sysroots/x86_64-oesdk-linux/usr/share/man --disable-silent-rules --disable-dependency-tracking --with-libtool-sysroot=/scratch/jenkins-BUILDS-eSDK-toolchain-2023.1_toolchain-7_Standalone_aarch64-tc/build/aarch64-tc-x86_64/work/x86_64-nativesdk-oesdk-linux/gcc-cross-canadian-aarch64/12.2.0-r0/recipe-sysroot --with-gnu-ld --enable-shared --enable-languages=c,c++,fortran --enable-threads=posix --enable-multilib --enable-c99 --enable-long-long --enable-libstdcxx-pch --program-prefix=aarch64-xilinx-elf- --without-local-prefix --disable-install-libiberty --disable-libssp --enable-libitm --enable-lto --disable-bootstrap --with-system-zlib --enable-linker-build-id --with-ppl=no --with-cloog=no --enable-checking=release --enable-cheaders=c_global --without-isl --with-gxx-include-dir=/not/exist/usr/include/c++/12.2.0 --with-build-time-tools=/scratch/jenkins-BUILDS-eSDK-toolchain-2023.1_toolchain-7_Standalone_aarch64-tc/build/aarch64-tc-x86_64/work/x86_64-nativesdk-oesdk-linux/gcc-cross-canadian-aarch64/12.2.0-r0/recipe-sysroot-native/usr/aarch64-xilinx-elf/bin --with-sysroot=/not/exist --with-build-sysroot=/scratch/jenkins-BUILDS-eSDK-toolchain-2023.1_toolchain-7_Standalone_aarch64-tc/build/aarch64-tc-x86_64/work/x86_64-nativesdk-oesdk-linux/gcc-cross-canadian-aarch64/12.2.0-r0/recipe-sysroot --enable-standard-branch-protection --with-plugin-ld=ld --enable-poison-system-directories --enable-nls --with-glibc-version=2.28 --enable-initfini-array --disable-libstdcxx-pch --with-newlib --disable-threads --enable-plugins --with-gnu-as --disable-libitm --disable-multiarch --with-arch=armv8-a --enable-multilib --with-sysroot=/not/exist
Thread model: single
Supported LTO compression algorithms: zlib zstd
gcc version 12.2.0 (GCC) 
COLLECT_GCC_OPTIONS='--sysroot=/tools/Xilinx/Vitis/2023.2/gnu/aarch64/lin/aarch64-none/bin/../aarch64-xilinx-elf' '-mbranch-protection=none' '-O2' '-D' 'SDT' '-MMD' '-MP' '-specs=/home/user/Desktop/write_bbram/zcu102/psu_cortexa53_0/standalone_psu_cortexa53_0/bsp/Xilinx.spec' '-I' '/home/user/Desktop/write_bbram/zcu102/psu_cortexa53_0/standalone_psu_cortexa53_0/bsp/include' '-v' '-o' 'CMakeFiles/cmTC_bde4d.dir/CMakeCXXCompilerABI.cpp.obj' '-c' '-march=armv8-a' '-mlittle-endian' '-mabi=lp64' '-dumpdir' 'CMakeFiles/cmTC_bde4d.dir/'
 /tools/Xilinx/Vitis/2023.2/gnu/aarch64/lin/aarch64-none/x86_64-oesdk-linux/usr/bin/aarch64-xilinx-elf/../../libexec/aarch64-xilinx-elf/gcc/aarch64-xilinx-elf/12.2.0/cc1plus -quiet -v -I /home/user/Desktop/write_bbram/zcu102/psu_cortexa53_0/standalone_psu_cortexa53_0/bsp/include -iprefix /tools/Xilinx/Vitis/2023.2/gnu/aarch64/lin/aarch64-none/x86_64-oesdk-linux/usr/bin/aarch64-xilinx-elf/../../lib/aarch64-xilinx-elf/gcc/aarch64-xilinx-elf/12.2.0/ -isysroot /tools/Xilinx/Vitis/2023.2/gnu/aarch64/lin/aarch64-none/bin/../aarch64-xilinx-elf -MMD CMakeFiles/cmTC_bde4d.dir/CMakeCXXCompilerABI.cpp.d -MP -MQ CMakeFiles/cmTC_bde4d.dir/CMakeCXXCompilerABI.cpp.obj -D SDT /tools/Xilinx/Vitis/2023.2/tps/lnx64/cmake-3.24.2/share/cmake-3.24/Modules/CMakeCXXCompilerABI.cpp -quiet -dumpdir CMakeFiles/cmTC_bde4d.dir/ -dumpbase CMakeCXXCompilerABI.cpp.cpp -dumpbase-ext .cpp -mbranch-protection=none -march=armv8-a -mlittle-endian -mabi=lp64 -O2 -version -o /tmp/cchDwy5l.s
GNU C++17 (GCC) version 12.2.0 (aarch64-xilinx-elf)
	compiled by GNU C version 12.2.0, GMP version 6.2.1, MPFR version 4.1.0, MPC version 1.2.1, isl version none
GGC heuristics: --param ggc-min-expand=100 --param ggc-min-heapsize=131072
ignoring nonexistent directory "/tools/Xilinx/Vitis/2023.2/gnu/aarch64/lin/aarch64-none/x86_64-oesdk-linux/usr/bin/aarch64-xilinx-elf/../../lib/aarch64-xilinx-elf/gcc/aarch64-xilinx-elf/12.2.0/../../../../../aarch64-xilinx-elf/include"
ignoring duplicate directory "/tools/Xilinx/Vitis/2023.2/gnu/aarch64/lin/aarch64-none/x86_64-oesdk-linux/usr/bin/aarch64-xilinx-elf/../../lib/aarch64-xilinx-elf/gcc/../../../lib/aarch64-xilinx-elf/gcc/aarch64-xilinx-elf/12.2.0/include"
ignoring nonexistent directory "/tools/Xilinx/Vitis/2023.2/gnu/aarch64/lin/aarch64-none/bin/../aarch64-xilinx-elf/usr/lib64/aarch64-xilinx-elf/12.2.0/include"
ignoring nonexistent directory "/tools/Xilinx/Vitis/2023.2/gnu/aarch64/lin/aarch64-none/bin/../aarch64-xilinx-elf/usr/local/include"
ignoring duplicate directory "/tools/Xilinx/Vitis/2023.2/gnu/aarch64/lin/aarch64-none/x86_64-oesdk-linux/usr/bin/aarch64-xilinx-elf/../../lib/aarch64-xilinx-elf/gcc/../../../lib/aarch64-xilinx-elf/gcc/aarch64-xilinx-elf/12.2.0/include-fixed"
ignoring nonexistent directory "/tools/Xilinx/Vitis/2023.2/gnu/aarch64/lin/aarch64-none/x86_64-oesdk-linux/usr/bin/aarch64-xilinx-elf/../../lib/aarch64-xilinx-elf/gcc/../../../lib/aarch64-xilinx-elf/gcc/aarch64-xilinx-elf/12.2.0/../../../../../aarch64-xilinx-elf/include"
#include "..." search starts here:
#include <...> search starts here:
 /home/user/Desktop/write_bbram/zcu102/psu_cortexa53_0/standalone_psu_cortexa53_0/bsp/include
 /tools/Xilinx/Vitis/2023.2/gnu/aarch64/lin/aarch64-none/x86_64-oesdk-linux/usr/bin/aarch64-xilinx-elf/../../lib/aarch64-xilinx-elf/gcc/aarch64-xilinx-elf/12.2.0/include
 /tools/Xilinx/Vitis/2023.2/gnu/aarch64/lin/aarch64-none/x86_64-oesdk-linux/usr/bin/aarch64-xilinx-elf/../../lib/aarch64-xilinx-elf/gcc/aarch64-xilinx-elf/12.2.0/include-fixed
 /tools/Xilinx/Vitis/2023.2/gnu/aarch64/lin/aarch64-none/bin/../aarch64-xilinx-elf/usr/include/c++/12.2.0
 /tools/Xilinx/Vitis/2023.2/gnu/aarch64/lin/aarch64-none/bin/../aarch64-xilinx-elf/usr/include/c++/12.2.0/aarch64-xilinx-elf
 /tools/Xilinx/Vitis/2023.2/gnu/aarch64/lin/aarch64-none/bin/../aarch64-xilinx-elf/usr/include/c++/12.2.0/backward
 /tools/Xilinx/Vitis/2023.2/gnu/aarch64/lin/aarch64-none/bin/../aarch64-xilinx-elf/usr/include/
End of search list.
GNU C++17 (GCC) version 12.2.0 (aarch64-xilinx-elf)
	compiled by GNU C version 12.2.0, GMP version 6.2.1, MPFR version 4.1.0, MPC version 1.2.1, isl version none
GGC heuristics: --param ggc-min-expand=100 --param ggc-min-heapsize=131072
Compiler executable checksum: 027341a5c8ca54b309f0b1bae69bee25
COLLECT_GCC_OPTIONS='--sysroot=/tools/Xilinx/Vitis/2023.2/gnu/aarch64/lin/aarch64-none/bin/../aarch64-xilinx-elf' '-mbranch-protection=none' '-O2' '-D' 'SDT' '-MMD' '-MP' '-specs=/home/user/Desktop/write_bbram/zcu102/psu_cortexa53_0/standalone_psu_cortexa53_0/bsp/Xilinx.spec' '-I' '/home/user/Desktop/write_bbram/zcu102/psu_cortexa53_0/standalone_psu_cortexa53_0/bsp/include' '-v' '-o' 'CMakeFiles/cmTC_bde4d.dir/CMakeCXXCompilerABI.cpp.obj' '-c' '-march=armv8-a' '-mlittle-endian' '-mabi=lp64' '-dumpdir' 'CMakeFiles/cmTC_bde4d.dir/'
 /tools/Xilinx/Vitis/2023.2/gnu/aarch64/lin/aarch64-none/x86_64-oesdk-linux/usr/bin/aarch64-xilinx-elf/../../libexec/aarch64-xilinx-elf/gcc/aarch64-xilinx-elf/12.2.0/as -v -I /home/user/Desktop/write_bbram/zcu102/psu_cortexa53_0/standalone_psu_cortexa53_0/bsp/include -EL -march=armv8-a -mabi=lp64 -o CMakeFiles/cmTC_bde4d.dir/CMakeCXXCompilerABI.cpp.obj /tmp/cchDwy5l.s
GNU assembler version 2.39.0 (aarch64-xilinx-elf) using BFD version (GNU Binutils) 2.39.0.20220819
COMPILER_PATH=/tools/Xilinx/Vitis/2023.2/gnu/aarch64/lin/aarch64-none/x86_64-oesdk-linux/usr/bin/aarch64-xilinx-elf/../../libexec/aarch64-xilinx-elf/gcc/aarch64-xilinx-elf/12.2.0/:/tools/Xilinx/Vitis/2023.2/gnu/aarch64/lin/aarch64-none/x86_64-oesdk-linux/usr/bin/aarch64-xilinx-elf/../../libexec/aarch64-xilinx-elf/gcc/
LIBRARY_PATH=/tools/Xilinx/Vitis/2023.2/gnu/aarch64/lin/aarch64-none/x86_64-oesdk-linux/usr/bin/aarch64-xilinx-elf/../../lib/aarch64-xilinx-elf/gcc/aarch64-xilinx-elf/12.2.0/:/tools/Xilinx/Vitis/2023.2/gnu/aarch64/lin/aarch64-none/x86_64-oesdk-linux/usr/bin/aarch64-xilinx-elf/../../lib/aarch64-xilinx-elf/gcc/:/tools/Xilinx/Vitis/2023.2/gnu/aarch64/lin/aarch64-none/bin/../aarch64-xilinx-elf/usr/lib64/aarch64-xilinx-elf/12.2.0/:/tools/Xilinx/Vitis/2023.2/gnu/aarch64/lin/aarch64-none/bin/../aarch64-xilinx-elf/usr/lib64/
COLLECT_GCC_OPTIONS='--sysroot=/tools/Xilinx/Vitis/2023.2/gnu/aarch64/lin/aarch64-none/bin/../aarch64-xilinx-elf' '-mbranch-protection=none' '-O2' '-D' 'SDT' '-MMD' '-MP' '-specs=/home/user/Desktop/write_bbram/zcu102/psu_cortexa53_0/standalone_psu_cortexa53_0/bsp/Xilinx.spec' '-I' '/home/user/Desktop/write_bbram/zcu102/psu_cortexa53_0/standalone_psu_cortexa53_0/bsp/include' '-v' '-o' 'CMakeFiles/cmTC_bde4d.dir/CMakeCXXCompilerABI.cpp.obj' '-c' '-march=armv8-a' '-mlittle-endian' '-mabi=lp64' '-dumpdir' 'CMakeFiles/cmTC_bde4d.dir/CMakeCXXCompilerABI.cpp.'
Linking CXX executable cmTC_bde4d
/tools/Xilinx/Vitis/2023.2/tps/lnx64/cmake-3.24.2/bin/cmake -E cmake_link_script CMakeFiles/cmTC_bde4d.dir/link.txt --verbose=1
/tools/Xilinx/Vitis/2023.2/gnu/aarch64/lin/aarch64-none/bin/aarch64-none-elf-g++  -O2 -DSDT  -MMD -MP -specs=/home/user/Desktop/write_bbram/zcu102/psu_cortexa53_0/standalone_psu_cortexa53_0/bsp/Xilinx.spec -I/home/user/Desktop/write_bbram/zcu102/psu_cortexa53_0/standalone_psu_cortexa53_0/bsp/include   -v CMakeFiles/cmTC_bde4d.dir/CMakeCXXCompilerABI.cpp.obj -o cmTC_bde4d 
Using built-in specs.
Reading specs from /home/user/Desktop/write_bbram/zcu102/psu_cortexa53_0/standalone_psu_cortexa53_0/bsp/Xilinx.spec
COLLECT_GCC=/tools/Xilinx/Vitis/2023.2/gnu/aarch64/lin/aarch64-none/bin/../x86_64-oesdk-linux/usr/bin/aarch64-xilinx-elf/aarch64-xilinx-elf-g++.real
COLLECT_LTO_WRAPPER=/tools/Xilinx/Vitis/2023.2/gnu/aarch64/lin/aarch64-none/x86_64-oesdk-linux/usr/bin/aarch64-xilinx-elf/../../libexec/aarch64-xilinx-elf/gcc/aarch64-xilinx-elf/12.2.0/lto-wrapper
Target: aarch64-xilinx-elf
Configured with: ../../../../../../work-shared/gcc-12.2.0-r0/gcc-12.2.0/configure --build=x86_64-linux --host=x86_64-oesdk-linux --target=aarch64-xilinx-elf --prefix=/usr/local/oe-sdk-hardcoded-buildpath/sysroots/x86_64-oesdk-linux/usr --exec_prefix=/usr/local/oe-sdk-hardcoded-buildpath/sysroots/x86_64-oesdk-linux/usr --bindir=/usr/local/oe-sdk-hardcoded-buildpath/sysroots/x86_64-oesdk-linux/usr/bin/aarch64-xilinx-elf --sbindir=/usr/local/oe-sdk-hardcoded-buildpath/sysroots/x86_64-oesdk-linux/usr/bin/aarch64-xilinx-elf --libexecdir=/usr/local/oe-sdk-hardcoded-buildpath/sysroots/x86_64-oesdk-linux/usr/libexec/aarch64-xilinx-elf --datadir=/usr/local/oe-sdk-hardcoded-buildpath/sysroots/x86_64-oesdk-linux/usr/share --sysconfdir=/usr/local/oe-sdk-hardcoded-buildpath/sysroots/x86_64-oesdk-linux/etc --sharedstatedir=/usr/local/oe-sdk-hardcoded-buildpath/sysroots/x86_64-oesdk-linux/com --localstatedir=/usr/local/oe-sdk-hardcoded-buildpath/sysroots/x86_64-oesdk-linux/var --libdir=/usr/local/oe-sdk-hardcoded-buildpath/sysroots/x86_64-oesdk-linux/usr/lib/aarch64-xilinx-elf --includedir=/usr/local/oe-sdk-hardcoded-buildpath/sysroots/x86_64-oesdk-linux/usr/include --oldincludedir=/usr/local/oe-sdk-hardcoded-buildpath/sysroots/x86_64-oesdk-linux/usr/include --infodir=/usr/local/oe-sdk-hardcoded-buildpath/sysroots/x86_64-oesdk-linux/usr/share/info --mandir=/usr/local/oe-sdk-hardcoded-buildpath/sysroots/x86_64-oesdk-linux/usr/share/man --disable-silent-rules --disable-dependency-tracking --with-libtool-sysroot=/scratch/jenkins-BUILDS-eSDK-toolchain-2023.1_toolchain-7_Standalone_aarch64-tc/build/aarch64-tc-x86_64/work/x86_64-nativesdk-oesdk-linux/gcc-cross-canadian-aarch64/12.2.0-r0/recipe-sysroot --with-gnu-ld --enable-shared --enable-languages=c,c++,fortran --enable-threads=posix --enable-multilib --enable-c99 --enable-long-long --enable-libstdcxx-pch --program-prefix=aarch64-xilinx-elf- --without-local-prefix --disable-install-libiberty --disable-libssp --enable-libitm --enable-lto --disable-bootstrap --with-system-zlib --enable-linker-build-id --with-ppl=no --with-cloog=no --enable-checking=release --enable-cheaders=c_global --without-isl --with-gxx-include-dir=/not/exist/usr/include/c++/12.2.0 --with-build-time-tools=/scratch/jenkins-BUILDS-eSDK-toolchain-2023.1_toolchain-7_Standalone_aarch64-tc/build/aarch64-tc-x86_64/work/x86_64-nativesdk-oesdk-linux/gcc-cross-canadian-aarch64/12.2.0-r0/recipe-sysroot-native/usr/aarch64-xilinx-elf/bin --with-sysroot=/not/exist --with-build-sysroot=/scratch/jenkins-BUILDS-eSDK-toolchain-2023.1_toolchain-7_Standalone_aarch64-tc/build/aarch64-tc-x86_64/work/x86_64-nativesdk-oesdk-linux/gcc-cross-canadian-aarch64/12.2.0-r0/recipe-sysroot --enable-standard-branch-protection --with-plugin-ld=ld --enable-poison-system-directories --enable-nls --with-glibc-version=2.28 --enable-initfini-array --disable-libstdcxx-pch --with-newlib --disable-threads --enable-plugins --with-gnu-as --disable-libitm --disable-multiarch --with-arch=armv8-a --enable-multilib --with-sysroot=/not/exist
Thread model: single
Supported LTO compression algorithms: zlib zstd
gcc version 12.2.0 (GCC) 
COMPILER_PATH=/tools/Xilinx/Vitis/2023.2/gnu/aarch64/lin/aarch64-none/x86_64-oesdk-linux/usr/bin/aarch64-xilinx-elf/../../libexec/aarch64-xilinx-elf/gcc/aarch64-xilinx-elf/12.2.0/:/tools/Xilinx/Vitis/2023.2/gnu/aarch64/lin/aarch64-none/x86_64-oesdk-linux/usr/bin/aarch64-xilinx-elf/../../libexec/aarch64-xilinx-elf/gcc/
LIBRARY_PATH=/tools/Xilinx/Vitis/2023.2/gnu/aarch64/lin/aarch64-none/x86_64-oesdk-linux/usr/bin/aarch64-xilinx-elf/../../lib/aarch64-xilinx-elf/gcc/aarch64-xilinx-elf/12.2.0/:/tools/Xilinx/Vitis/2023.2/gnu/aarch64/lin/aarch64-none/x86_64-oesdk-linux/usr/bin/aarch64-xilinx-elf/../../lib/aarch64-xilinx-elf/gcc/:/tools/Xilinx/Vitis/2023.2/gnu/aarch64/lin/aarch64-none/bin/../aarch64-xilinx-elf/usr/lib64/aarch64-xilinx-elf/12.2.0/:/tools/Xilinx/Vitis/2023.2/gnu/aarch64/lin/aarch64-none/bin/../aarch64-xilinx-elf/usr/lib64/
COLLECT_GCC_OPTIONS='--sysroot=/tools/Xilinx/Vitis/2023.2/gnu/aarch64/lin/aarch64-none/bin/../aarch64-xilinx-elf' '-mbranch-protection=none' '-O2' '-D' 'SDT' '-MMD' '-MP' '-specs=/home/user/Desktop/write_bbram/zcu102/psu_cortexa53_0/standalone_psu_cortexa53_0/bsp/Xilinx.spec' '-I' '/home/user/Desktop/write_bbram/zcu102/psu_cortexa53_0/standalone_psu_cortexa53_0/bsp/include' '-v' '-o' 'cmTC_bde4d' '-march=armv8-a' '-mlittle-endian' '-mabi=lp64' '-dumpdir' 'cmTC_bde4d.'
 /tools/Xilinx/Vitis/2023.2/gnu/aarch64/lin/aarch64-none/x86_64-oesdk-linux/usr/bin/aarch64-xilinx-elf/../../libexec/aarch64-xilinx-elf/gcc/aarch64-xilinx-elf/12.2.0/collect2 -plugin /tools/Xilinx/Vitis/2023.2/gnu/aarch64/lin/aarch64-none/x86_64-oesdk-linux/usr/bin/aarch64-xilinx-elf/../../libexec/aarch64-xilinx-elf/gcc/aarch64-xilinx-elf/12.2.0/liblto_plugin.so -plugin-opt=/tools/Xilinx/Vitis/2023.2/gnu/aarch64/lin/aarch64-none/x86_64-oesdk-linux/usr/bin/aarch64-xilinx-elf/../../libexec/aarch64-xilinx-elf/gcc/aarch64-xilinx-elf/12.2.0/lto-wrapper -plugin-opt=-fresolution=/tmp/ccaOic8B.res -plugin-opt=-pass-through=-lgcc -plugin-opt=-pass-through=-lc -plugin-opt=-pass-through=-lgcc --sysroot=/tools/Xilinx/Vitis/2023.2/gnu/aarch64/lin/aarch64-none/bin/../aarch64-xilinx-elf --build-id -EL -X -maarch64elf -o cmTC_bde4d /tools/Xilinx/Vitis/2023.2/gnu/aarch64/lin/aarch64-none/bin/../aarch64-xilinx-elf/usr/lib64/aarch64-xilinx-elf/12.2.0/crti.o /tools/Xilinx/Vitis/2023.2/gnu/aarch64/lin/aarch64-none/bin/../aarch64-xilinx-elf/usr/lib64/aarch64-xilinx-elf/12.2.0/crtbegin.o -L/tools/Xilinx/Vitis/2023.2/gnu/aarch64/lin/aarch64-none/x86_64-oesdk-linux/usr/bin/aarch64-xilinx-elf/../../lib/aarch64-xilinx-elf/gcc/aarch64-xilinx-elf/12.2.0 -L/tools/Xilinx/Vitis/2023.2/gnu/aarch64/lin/aarch64-none/x86_64-oesdk-linux/usr/bin/aarch64-xilinx-elf/../../lib/aarch64-xilinx-elf/gcc -L/tools/Xilinx/Vitis/2023.2/gnu/aarch64/lin/aarch64-none/bin/../aarch64-xilinx-elf/usr/lib64/aarch64-xilinx-elf/12.2.0 -L/tools/Xilinx/Vitis/2023.2/gnu/aarch64/lin/aarch64-none/bin/../aarch64-xilinx-elf/usr/lib64 --no-warn-rwx-segment CMakeFiles/cmTC_bde4d.dir/CMakeCXXCompilerABI.cpp.obj -lstdc++ -lm -lgcc -lc -lgcc /tools/Xilinx/Vitis/2023.2/gnu/aarch64/lin/aarch64-none/bin/../aarch64-xilinx-elf/usr/lib64/aarch64-xilinx-elf/12.2.0/crtend.o /tools/Xilinx/Vitis/2023.2/gnu/aarch64/lin/aarch64-none/bin/../aarch64-xilinx-elf/usr/lib64/aarch64-xilinx-elf/12.2.0/crtn.o
/tools/Xilinx/Vitis/2023.2/gnu/aarch64/lin/aarch64-none/x86_64-oesdk-linux/usr/bin/aarch64-xilinx-elf/aarch64-xilinx-elf-ld.real: warning: cannot find entry symbol _start; defaulting to 0000000000400060
COLLECT_GCC_OPTIONS='--sysroot=/tools/Xilinx/Vitis/2023.2/gnu/aarch64/lin/aarch64-none/bin/../aarch64-xilinx-elf' '-mbranch-protection=none' '-O2' '-D' 'SDT' '-MMD' '-MP' '-specs=/home/user/Desktop/write_bbram/zcu102/psu_cortexa53_0/standalone_psu_cortexa53_0/bsp/Xilinx.spec' '-I' '/home/user/Desktop/write_bbram/zcu102/psu_cortexa53_0/standalone_psu_cortexa53_0/bsp/include' '-v' '-o' 'cmTC_bde4d' '-march=armv8-a' '-mlittle-endian' '-mabi=lp64' '-dumpdir' 'cmTC_bde4d.'
gmake[1]: Leaving directory '/home/user/Desktop/write_bbram/zcu102/psu_cortexa53_0/standalone_psu_cortexa53_0/bsp/libsrc/build_configs/gen_bsp/CMakeFiles/CMakeTmp'



Parsed CXX implicit include dir info from above output: rv=done
  found start of include info
  found start of implicit include info
    add: [/home/user/Desktop/write_bbram/zcu102/psu_cortexa53_0/standalone_psu_cortexa53_0/bsp/include]
    add: [/tools/Xilinx/Vitis/2023.2/gnu/aarch64/lin/aarch64-none/x86_64-oesdk-linux/usr/bin/aarch64-xilinx-elf/../../lib/aarch64-xilinx-elf/gcc/aarch64-xilinx-elf/12.2.0/include]
    add: [/tools/Xilinx/Vitis/2023.2/gnu/aarch64/lin/aarch64-none/x86_64-oesdk-linux/usr/bin/aarch64-xilinx-elf/../../lib/aarch64-xilinx-elf/gcc/aarch64-xilinx-elf/12.2.0/include-fixed]
    add: [/tools/Xilinx/Vitis/2023.2/gnu/aarch64/lin/aarch64-none/bin/../aarch64-xilinx-elf/usr/include/c++/12.2.0]
    add: [/tools/Xilinx/Vitis/2023.2/gnu/aarch64/lin/aarch64-none/bin/../aarch64-xilinx-elf/usr/include/c++/12.2.0/aarch64-xilinx-elf]
    add: [/tools/Xilinx/Vitis/2023.2/gnu/aarch64/lin/aarch64-none/bin/../aarch64-xilinx-elf/usr/include/c++/12.2.0/backward]
    add: [/tools/Xilinx/Vitis/2023.2/gnu/aarch64/lin/aarch64-none/bin/../aarch64-xilinx-elf/usr/include/]
  end of search list found
  collapse include dir [/home/user/Desktop/write_bbram/zcu102/psu_cortexa53_0/standalone_psu_cortexa53_0/bsp/include] ==> [/home/user/Desktop/write_bbram/zcu102/psu_cortexa53_0/standalone_psu_cortexa53_0/bsp/include]
  collapse include dir [/tools/Xilinx/Vitis/2023.2/gnu/aarch64/lin/aarch64-none/x86_64-oesdk-linux/usr/bin/aarch64-xilinx-elf/../../lib/aarch64-xilinx-elf/gcc/aarch64-xilinx-elf/12.2.0/include] ==> [/tools/Xilinx/Vitis/2023.2/gnu/aarch64/lin/aarch64-none/x86_64-oesdk-linux/usr/lib/aarch64-xilinx-elf/gcc/aarch64-xilinx-elf/12.2.0/include]
  collapse include dir [/tools/Xilinx/Vitis/2023.2/gnu/aarch64/lin/aarch64-none/x86_64-oesdk-linux/usr/bin/aarch64-xilinx-elf/../../lib/aarch64-xilinx-elf/gcc/aarch64-xilinx-elf/12.2.0/include-fixed] ==> [/tools/Xilinx/Vitis/2023.2/gnu/aarch64/lin/aarch64-none/x86_64-oesdk-linux/usr/lib/aarch64-xilinx-elf/gcc/aarch64-xilinx-elf/12.2.0/include-fixed]
  collapse include dir [/tools/Xilinx/Vitis/2023.2/gnu/aarch64/lin/aarch64-none/bin/../aarch64-xilinx-elf/usr/include/c++/12.2.0] ==> [/tools/Xilinx/Vitis/2023.2/gnu/aarch64/lin/aarch64-none/aarch64-xilinx-elf/usr/include/c++/12.2.0]
  collapse include dir [/tools/Xilinx/Vitis/2023.2/gnu/aarch64/lin/aarch64-none/bin/../aarch64-xilinx-elf/usr/include/c++/12.2.0/aarch64-xilinx-elf] ==> [/tools/Xilinx/Vitis/2023.2/gnu/aarch64/lin/aarch64-none/aarch64-xilinx-elf/usr/include/c++/12.2.0/aarch64-xilinx-elf]
  collapse include dir [/tools/Xilinx/Vitis/2023.2/gnu/aarch64/lin/aarch64-none/bin/../aarch64-xilinx-elf/usr/include/c++/12.2.0/backward] ==> [/tools/Xilinx/Vitis/2023.2/gnu/aarch64/lin/aarch64-none/aarch64-xilinx-elf/usr/include/c++/12.2.0/backward]
  collapse include dir [/tools/Xilinx/Vitis/2023.2/gnu/aarch64/lin/aarch64-none/bin/../aarch64-xilinx-elf/usr/include/] ==> [/tools/Xilinx/Vitis/2023.2/gnu/aarch64/lin/aarch64-none/aarch64-xilinx-elf/usr/include]
  implicit include dirs: [/home/user/Desktop/write_bbram/zcu102/psu_cortexa53_0/standalone_psu_cortexa53_0/bsp/include;/tools/Xilinx/Vitis/2023.2/gnu/aarch64/lin/aarch64-none/x86_64-oesdk-linux/usr/lib/aarch64-xilinx-elf/gcc/aarch64-xilinx-elf/12.2.0/include;/tools/Xilinx/Vitis/2023.2/gnu/aarch64/lin/aarch64-none/x86_64-oesdk-linux/usr/lib/aarch64-xilinx-elf/gcc/aarch64-xilinx-elf/12.2.0/include-fixed;/tools/Xilinx/Vitis/2023.2/gnu/aarch64/lin/aarch64-none/aarch64-xilinx-elf/usr/include/c++/12.2.0;/tools/Xilinx/Vitis/2023.2/gnu/aarch64/lin/aarch64-none/aarch64-xilinx-elf/usr/include/c++/12.2.0/aarch64-xilinx-elf;/tools/Xilinx/Vitis/2023.2/gnu/aarch64/lin/aarch64-none/aarch64-xilinx-elf/usr/include/c++/12.2.0/backward;/tools/Xilinx/Vitis/2023.2/gnu/aarch64/lin/aarch64-none/aarch64-xilinx-elf/usr/include]


Parsed CXX implicit link information from above output:
  link line regex: [^( *|.*[/\])(aarch64-none-elf-ld|CMAKE_LINK_STARTFILE-NOTFOUND|([^/\]+-)?ld|collect2)[^/\]*( |$)]
  ignore line: [Change Dir: /home/user/Desktop/write_bbram/zcu102/psu_cortexa53_0/standalone_psu_cortexa53_0/bsp/libsrc/build_configs/gen_bsp/CMakeFiles/CMakeTmp]
  ignore line: []
  ignore line: [Run Build Command(s):/bin/gmake -f Makefile cmTC_bde4d/fast && /bin/gmake  -f CMakeFiles/cmTC_bde4d.dir/build.make CMakeFiles/cmTC_bde4d.dir/build]
  ignore line: [gmake[1]: Entering directory '/home/user/Desktop/write_bbram/zcu102/psu_cortexa53_0/standalone_psu_cortexa53_0/bsp/libsrc/build_configs/gen_bsp/CMakeFiles/CMakeTmp']
  ignore line: [Building CXX object CMakeFiles/cmTC_bde4d.dir/CMakeCXXCompilerABI.cpp.obj]
  ignore line: [/tools/Xilinx/Vitis/2023.2/gnu/aarch64/lin/aarch64-none/bin/aarch64-none-elf-g++   -O2 -DSDT  -MMD -MP -specs=/home/user/Desktop/write_bbram/zcu102/psu_cortexa53_0/standalone_psu_cortexa53_0/bsp/Xilinx.spec -I/home/user/Desktop/write_bbram/zcu102/psu_cortexa53_0/standalone_psu_cortexa53_0/bsp/include    -v -o CMakeFiles/cmTC_bde4d.dir/CMakeCXXCompilerABI.cpp.obj -c /tools/Xilinx/Vitis/2023.2/tps/lnx64/cmake-3.24.2/share/cmake-3.24/Modules/CMakeCXXCompilerABI.cpp]
  ignore line: [Using built-in specs.]
  ignore line: [Reading specs from /home/user/Desktop/write_bbram/zcu102/psu_cortexa53_0/standalone_psu_cortexa53_0/bsp/Xilinx.spec]
  ignore line: [COLLECT_GCC=/tools/Xilinx/Vitis/2023.2/gnu/aarch64/lin/aarch64-none/bin/../x86_64-oesdk-linux/usr/bin/aarch64-xilinx-elf/aarch64-xilinx-elf-g++.real]
  ignore line: [Target: aarch64-xilinx-elf]
  ignore line: [Configured with: ../../../../../../work-shared/gcc-12.2.0-r0/gcc-12.2.0/configure --build=x86_64-linux --host=x86_64-oesdk-linux --target=aarch64-xilinx-elf --prefix=/usr/local/oe-sdk-hardcoded-buildpath/sysroots/x86_64-oesdk-linux/usr --exec_prefix=/usr/local/oe-sdk-hardcoded-buildpath/sysroots/x86_64-oesdk-linux/usr --bindir=/usr/local/oe-sdk-hardcoded-buildpath/sysroots/x86_64-oesdk-linux/usr/bin/aarch64-xilinx-elf --sbindir=/usr/local/oe-sdk-hardcoded-buildpath/sysroots/x86_64-oesdk-linux/usr/bin/aarch64-xilinx-elf --libexecdir=/usr/local/oe-sdk-hardcoded-buildpath/sysroots/x86_64-oesdk-linux/usr/libexec/aarch64-xilinx-elf --datadir=/usr/local/oe-sdk-hardcoded-buildpath/sysroots/x86_64-oesdk-linux/usr/share --sysconfdir=/usr/local/oe-sdk-hardcoded-buildpath/sysroots/x86_64-oesdk-linux/etc --sharedstatedir=/usr/local/oe-sdk-hardcoded-buildpath/sysroots/x86_64-oesdk-linux/com --localstatedir=/usr/local/oe-sdk-hardcoded-buildpath/sysroots/x86_64-oesdk-linux/var --libdir=/usr/local/oe-sdk-hardcoded-buildpath/sysroots/x86_64-oesdk-linux/usr/lib/aarch64-xilinx-elf --includedir=/usr/local/oe-sdk-hardcoded-buildpath/sysroots/x86_64-oesdk-linux/usr/include --oldincludedir=/usr/local/oe-sdk-hardcoded-buildpath/sysroots/x86_64-oesdk-linux/usr/include --infodir=/usr/local/oe-sdk-hardcoded-buildpath/sysroots/x86_64-oesdk-linux/usr/share/info --mandir=/usr/local/oe-sdk-hardcoded-buildpath/sysroots/x86_64-oesdk-linux/usr/share/man --disable-silent-rules --disable-dependency-tracking --with-libtool-sysroot=/scratch/jenkins-BUILDS-eSDK-toolchain-2023.1_toolchain-7_Standalone_aarch64-tc/build/aarch64-tc-x86_64/work/x86_64-nativesdk-oesdk-linux/gcc-cross-canadian-aarch64/12.2.0-r0/recipe-sysroot --with-gnu-ld --enable-shared --enable-languages=c,c++,fortran --enable-threads=posix --enable-multilib --enable-c99 --enable-long-long --enable-libstdcxx-pch --program-prefix=aarch64-xilinx-elf- --without-local-prefix --disable-install-libiberty --disable-libssp --enable-libitm --enable-lto --disable-bootstrap --with-system-zlib --enable-linker-build-id --with-ppl=no --with-cloog=no --enable-checking=release --enable-cheaders=c_global --without-isl --with-gxx-include-dir=/not/exist/usr/include/c++/12.2.0 --with-build-time-tools=/scratch/jenkins-BUILDS-eSDK-toolchain-2023.1_toolchain-7_Standalone_aarch64-tc/build/aarch64-tc-x86_64/work/x86_64-nativesdk-oesdk-linux/gcc-cross-canadian-aarch64/12.2.0-r0/recipe-sysroot-native/usr/aarch64-xilinx-elf/bin --with-sysroot=/not/exist --with-build-sysroot=/scratch/jenkins-BUILDS-eSDK-toolchain-2023.1_toolchain-7_Standalone_aarch64-tc/build/aarch64-tc-x86_64/work/x86_64-nativesdk-oesdk-linux/gcc-cross-canadian-aarch64/12.2.0-r0/recipe-sysroot --enable-standard-branch-protection --with-plugin-ld=ld --enable-poison-system-directories --enable-nls --with-glibc-version=2.28 --enable-initfini-array --disable-libstdcxx-pch --with-newlib --disable-threads --enable-plugins --with-gnu-as --disable-libitm --disable-multiarch --with-arch=armv8-a --enable-multilib --with-sysroot=/not/exist]
  ignore line: [Thread model: single]
  ignore line: [Supported LTO compression algorithms: zlib zstd]
  ignore line: [gcc version 12.2.0 (GCC) ]
  ignore line: [COLLECT_GCC_OPTIONS='--sysroot=/tools/Xilinx/Vitis/2023.2/gnu/aarch64/lin/aarch64-none/bin/../aarch64-xilinx-elf' '-mbranch-protection=none' '-O2' '-D' 'SDT' '-MMD' '-MP' '-specs=/home/user/Desktop/write_bbram/zcu102/psu_cortexa53_0/standalone_psu_cortexa53_0/bsp/Xilinx.spec' '-I' '/home/user/Desktop/write_bbram/zcu102/psu_cortexa53_0/standalone_psu_cortexa53_0/bsp/include' '-v' '-o' 'CMakeFiles/cmTC_bde4d.dir/CMakeCXXCompilerABI.cpp.obj' '-c' '-march=armv8-a' '-mlittle-endian' '-mabi=lp64' '-dumpdir' 'CMakeFiles/cmTC_bde4d.dir/']
  ignore line: [ /tools/Xilinx/Vitis/2023.2/gnu/aarch64/lin/aarch64-none/x86_64-oesdk-linux/usr/bin/aarch64-xilinx-elf/../../libexec/aarch64-xilinx-elf/gcc/aarch64-xilinx-elf/12.2.0/cc1plus -quiet -v -I /home/user/Desktop/write_bbram/zcu102/psu_cortexa53_0/standalone_psu_cortexa53_0/bsp/include -iprefix /tools/Xilinx/Vitis/2023.2/gnu/aarch64/lin/aarch64-none/x86_64-oesdk-linux/usr/bin/aarch64-xilinx-elf/../../lib/aarch64-xilinx-elf/gcc/aarch64-xilinx-elf/12.2.0/ -isysroot /tools/Xilinx/Vitis/2023.2/gnu/aarch64/lin/aarch64-none/bin/../aarch64-xilinx-elf -MMD CMakeFiles/cmTC_bde4d.dir/CMakeCXXCompilerABI.cpp.d -MP -MQ CMakeFiles/cmTC_bde4d.dir/CMakeCXXCompilerABI.cpp.obj -D SDT /tools/Xilinx/Vitis/2023.2/tps/lnx64/cmake-3.24.2/share/cmake-3.24/Modules/CMakeCXXCompilerABI.cpp -quiet -dumpdir CMakeFiles/cmTC_bde4d.dir/ -dumpbase CMakeCXXCompilerABI.cpp.cpp -dumpbase-ext .cpp -mbranch-protection=none -march=armv8-a -mlittle-endian -mabi=lp64 -O2 -version -o /tmp/cchDwy5l.s]
  ignore line: [GNU C++17 (GCC) version 12.2.0 (aarch64-xilinx-elf)]
  ignore line: [	compiled by GNU C version 12.2.0  GMP version 6.2.1  MPFR version 4.1.0  MPC version 1.2.1  isl version none]
  ignore line: [GGC heuristics: --param ggc-min-expand=100 --param ggc-min-heapsize=131072]
  ignore line: [ignoring nonexistent directory "/tools/Xilinx/Vitis/2023.2/gnu/aarch64/lin/aarch64-none/x86_64-oesdk-linux/usr/bin/aarch64-xilinx-elf/../../lib/aarch64-xilinx-elf/gcc/aarch64-xilinx-elf/12.2.0/../../../../../aarch64-xilinx-elf/include"]
  ignore line: [ignoring duplicate directory "/tools/Xilinx/Vitis/2023.2/gnu/aarch64/lin/aarch64-none/x86_64-oesdk-linux/usr/bin/aarch64-xilinx-elf/../../lib/aarch64-xilinx-elf/gcc/../../../lib/aarch64-xilinx-elf/gcc/aarch64-xilinx-elf/12.2.0/include"]
  ignore line: [ignoring nonexistent directory "/tools/Xilinx/Vitis/2023.2/gnu/aarch64/lin/aarch64-none/bin/../aarch64-xilinx-elf/usr/lib64/aarch64-xilinx-elf/12.2.0/include"]
  ignore line: [ignoring nonexistent directory "/tools/Xilinx/Vitis/2023.2/gnu/aarch64/lin/aarch64-none/bin/../aarch64-xilinx-elf/usr/local/include"]
  ignore line: [ignoring duplicate directory "/tools/Xilinx/Vitis/2023.2/gnu/aarch64/lin/aarch64-none/x86_64-oesdk-linux/usr/bin/aarch64-xilinx-elf/../../lib/aarch64-xilinx-elf/gcc/../../../lib/aarch64-xilinx-elf/gcc/aarch64-xilinx-elf/12.2.0/include-fixed"]
  ignore line: [ignoring nonexistent directory "/tools/Xilinx/Vitis/2023.2/gnu/aarch64/lin/aarch64-none/x86_64-oesdk-linux/usr/bin/aarch64-xilinx-elf/../../lib/aarch64-xilinx-elf/gcc/../../../lib/aarch64-xilinx-elf/gcc/aarch64-xilinx-elf/12.2.0/../../../../../aarch64-xilinx-elf/include"]
  ignore line: [#include "..." search starts here:]
  ignore line: [#include <...> search starts here:]
  ignore line: [ /home/user/Desktop/write_bbram/zcu102/psu_cortexa53_0/standalone_psu_cortexa53_0/bsp/include]
  ignore line: [ /tools/Xilinx/Vitis/2023.2/gnu/aarch64/lin/aarch64-none/x86_64-oesdk-linux/usr/bin/aarch64-xilinx-elf/../../lib/aarch64-xilinx-elf/gcc/aarch64-xilinx-elf/12.2.0/include]
  ignore line: [ /tools/Xilinx/Vitis/2023.2/gnu/aarch64/lin/aarch64-none/x86_64-oesdk-linux/usr/bin/aarch64-xilinx-elf/../../lib/aarch64-xilinx-elf/gcc/aarch64-xilinx-elf/12.2.0/include-fixed]
  ignore line: [ /tools/Xilinx/Vitis/2023.2/gnu/aarch64/lin/aarch64-none/bin/../aarch64-xilinx-elf/usr/include/c++/12.2.0]
  ignore line: [ /tools/Xilinx/Vitis/2023.2/gnu/aarch64/lin/aarch64-none/bin/../aarch64-xilinx-elf/usr/include/c++/12.2.0/aarch64-xilinx-elf]
  ignore line: [ /tools/Xilinx/Vitis/2023.2/gnu/aarch64/lin/aarch64-none/bin/../aarch64-xilinx-elf/usr/include/c++/12.2.0/backward]
  ignore line: [ /tools/Xilinx/Vitis/2023.2/gnu/aarch64/lin/aarch64-none/bin/../aarch64-xilinx-elf/usr/include/]
  ignore line: [End of search list.]
  ignore line: [GNU C++17 (GCC) version 12.2.0 (aarch64-xilinx-elf)]
  ignore line: [	compiled by GNU C version 12.2.0  GMP version 6.2.1  MPFR version 4.1.0  MPC version 1.2.1  isl version none]
  ignore line: [GGC heuristics: --param ggc-min-expand=100 --param ggc-min-heapsize=131072]
  ignore line: [Compiler executable checksum: 027341a5c8ca54b309f0b1bae69bee25]
  ignore line: [COLLECT_GCC_OPTIONS='--sysroot=/tools/Xilinx/Vitis/2023.2/gnu/aarch64/lin/aarch64-none/bin/../aarch64-xilinx-elf' '-mbranch-protection=none' '-O2' '-D' 'SDT' '-MMD' '-MP' '-specs=/home/user/Desktop/write_bbram/zcu102/psu_cortexa53_0/standalone_psu_cortexa53_0/bsp/Xilinx.spec' '-I' '/home/user/Desktop/write_bbram/zcu102/psu_cortexa53_0/standalone_psu_cortexa53_0/bsp/include' '-v' '-o' 'CMakeFiles/cmTC_bde4d.dir/CMakeCXXCompilerABI.cpp.obj' '-c' '-march=armv8-a' '-mlittle-endian' '-mabi=lp64' '-dumpdir' 'CMakeFiles/cmTC_bde4d.dir/']
  ignore line: [ /tools/Xilinx/Vitis/2023.2/gnu/aarch64/lin/aarch64-none/x86_64-oesdk-linux/usr/bin/aarch64-xilinx-elf/../../libexec/aarch64-xilinx-elf/gcc/aarch64-xilinx-elf/12.2.0/as -v -I /home/user/Desktop/write_bbram/zcu102/psu_cortexa53_0/standalone_psu_cortexa53_0/bsp/include -EL -march=armv8-a -mabi=lp64 -o CMakeFiles/cmTC_bde4d.dir/CMakeCXXCompilerABI.cpp.obj /tmp/cchDwy5l.s]
  ignore line: [GNU assembler version 2.39.0 (aarch64-xilinx-elf) using BFD version (GNU Binutils) 2.39.0.20220819]
  ignore line: [COMPILER_PATH=/tools/Xilinx/Vitis/2023.2/gnu/aarch64/lin/aarch64-none/x86_64-oesdk-linux/usr/bin/aarch64-xilinx-elf/../../libexec/aarch64-xilinx-elf/gcc/aarch64-xilinx-elf/12.2.0/:/tools/Xilinx/Vitis/2023.2/gnu/aarch64/lin/aarch64-none/x86_64-oesdk-linux/usr/bin/aarch64-xilinx-elf/../../libexec/aarch64-xilinx-elf/gcc/]
  ignore line: [LIBRARY_PATH=/tools/Xilinx/Vitis/2023.2/gnu/aarch64/lin/aarch64-none/x86_64-oesdk-linux/usr/bin/aarch64-xilinx-elf/../../lib/aarch64-xilinx-elf/gcc/aarch64-xilinx-elf/12.2.0/:/tools/Xilinx/Vitis/2023.2/gnu/aarch64/lin/aarch64-none/x86_64-oesdk-linux/usr/bin/aarch64-xilinx-elf/../../lib/aarch64-xilinx-elf/gcc/:/tools/Xilinx/Vitis/2023.2/gnu/aarch64/lin/aarch64-none/bin/../aarch64-xilinx-elf/usr/lib64/aarch64-xilinx-elf/12.2.0/:/tools/Xilinx/Vitis/2023.2/gnu/aarch64/lin/aarch64-none/bin/../aarch64-xilinx-elf/usr/lib64/]
  ignore line: [COLLECT_GCC_OPTIONS='--sysroot=/tools/Xilinx/Vitis/2023.2/gnu/aarch64/lin/aarch64-none/bin/../aarch64-xilinx-elf' '-mbranch-protection=none' '-O2' '-D' 'SDT' '-MMD' '-MP' '-specs=/home/user/Desktop/write_bbram/zcu102/psu_cortexa53_0/standalone_psu_cortexa53_0/bsp/Xilinx.spec' '-I' '/home/user/Desktop/write_bbram/zcu102/psu_cortexa53_0/standalone_psu_cortexa53_0/bsp/include' '-v' '-o' 'CMakeFiles/cmTC_bde4d.dir/CMakeCXXCompilerABI.cpp.obj' '-c' '-march=armv8-a' '-mlittle-endian' '-mabi=lp64' '-dumpdir' 'CMakeFiles/cmTC_bde4d.dir/CMakeCXXCompilerABI.cpp.']
  ignore line: [Linking CXX executable cmTC_bde4d]
  ignore line: [/tools/Xilinx/Vitis/2023.2/tps/lnx64/cmake-3.24.2/bin/cmake -E cmake_link_script CMakeFiles/cmTC_bde4d.dir/link.txt --verbose=1]
  ignore line: [/tools/Xilinx/Vitis/2023.2/gnu/aarch64/lin/aarch64-none/bin/aarch64-none-elf-g++  -O2 -DSDT  -MMD -MP -specs=/home/user/Desktop/write_bbram/zcu102/psu_cortexa53_0/standalone_psu_cortexa53_0/bsp/Xilinx.spec -I/home/user/Desktop/write_bbram/zcu102/psu_cortexa53_0/standalone_psu_cortexa53_0/bsp/include   -v CMakeFiles/cmTC_bde4d.dir/CMakeCXXCompilerABI.cpp.obj -o cmTC_bde4d ]
  ignore line: [Using built-in specs.]
  ignore line: [Reading specs from /home/user/Desktop/write_bbram/zcu102/psu_cortexa53_0/standalone_psu_cortexa53_0/bsp/Xilinx.spec]
  ignore line: [COLLECT_GCC=/tools/Xilinx/Vitis/2023.2/gnu/aarch64/lin/aarch64-none/bin/../x86_64-oesdk-linux/usr/bin/aarch64-xilinx-elf/aarch64-xilinx-elf-g++.real]
  ignore line: [COLLECT_LTO_WRAPPER=/tools/Xilinx/Vitis/2023.2/gnu/aarch64/lin/aarch64-none/x86_64-oesdk-linux/usr/bin/aarch64-xilinx-elf/../../libexec/aarch64-xilinx-elf/gcc/aarch64-xilinx-elf/12.2.0/lto-wrapper]
  ignore line: [Target: aarch64-xilinx-elf]
  ignore line: [Configured with: ../../../../../../work-shared/gcc-12.2.0-r0/gcc-12.2.0/configure --build=x86_64-linux --host=x86_64-oesdk-linux --target=aarch64-xilinx-elf --prefix=/usr/local/oe-sdk-hardcoded-buildpath/sysroots/x86_64-oesdk-linux/usr --exec_prefix=/usr/local/oe-sdk-hardcoded-buildpath/sysroots/x86_64-oesdk-linux/usr --bindir=/usr/local/oe-sdk-hardcoded-buildpath/sysroots/x86_64-oesdk-linux/usr/bin/aarch64-xilinx-elf --sbindir=/usr/local/oe-sdk-hardcoded-buildpath/sysroots/x86_64-oesdk-linux/usr/bin/aarch64-xilinx-elf --libexecdir=/usr/local/oe-sdk-hardcoded-buildpath/sysroots/x86_64-oesdk-linux/usr/libexec/aarch64-xilinx-elf --datadir=/usr/local/oe-sdk-hardcoded-buildpath/sysroots/x86_64-oesdk-linux/usr/share --sysconfdir=/usr/local/oe-sdk-hardcoded-buildpath/sysroots/x86_64-oesdk-linux/etc --sharedstatedir=/usr/local/oe-sdk-hardcoded-buildpath/sysroots/x86_64-oesdk-linux/com --localstatedir=/usr/local/oe-sdk-hardcoded-buildpath/sysroots/x86_64-oesdk-linux/var --libdir=/usr/local/oe-sdk-hardcoded-buildpath/sysroots/x86_64-oesdk-linux/usr/lib/aarch64-xilinx-elf --includedir=/usr/local/oe-sdk-hardcoded-buildpath/sysroots/x86_64-oesdk-linux/usr/include --oldincludedir=/usr/local/oe-sdk-hardcoded-buildpath/sysroots/x86_64-oesdk-linux/usr/include --infodir=/usr/local/oe-sdk-hardcoded-buildpath/sysroots/x86_64-oesdk-linux/usr/share/info --mandir=/usr/local/oe-sdk-hardcoded-buildpath/sysroots/x86_64-oesdk-linux/usr/share/man --disable-silent-rules --disable-dependency-tracking --with-libtool-sysroot=/scratch/jenkins-BUILDS-eSDK-toolchain-2023.1_toolchain-7_Standalone_aarch64-tc/build/aarch64-tc-x86_64/work/x86_64-nativesdk-oesdk-linux/gcc-cross-canadian-aarch64/12.2.0-r0/recipe-sysroot --with-gnu-ld --enable-shared --enable-languages=c,c++,fortran --enable-threads=posix --enable-multilib --enable-c99 --enable-long-long --enable-libstdcxx-pch --program-prefix=aarch64-xilinx-elf- --without-local-prefix --disable-install-libiberty --disable-libssp --enable-libitm --enable-lto --disable-bootstrap --with-system-zlib --enable-linker-build-id --with-ppl=no --with-cloog=no --enable-checking=release --enable-cheaders=c_global --without-isl --with-gxx-include-dir=/not/exist/usr/include/c++/12.2.0 --with-build-time-tools=/scratch/jenkins-BUILDS-eSDK-toolchain-2023.1_toolchain-7_Standalone_aarch64-tc/build/aarch64-tc-x86_64/work/x86_64-nativesdk-oesdk-linux/gcc-cross-canadian-aarch64/12.2.0-r0/recipe-sysroot-native/usr/aarch64-xilinx-elf/bin --with-sysroot=/not/exist --with-build-sysroot=/scratch/jenkins-BUILDS-eSDK-toolchain-2023.1_toolchain-7_Standalone_aarch64-tc/build/aarch64-tc-x86_64/work/x86_64-nativesdk-oesdk-linux/gcc-cross-canadian-aarch64/12.2.0-r0/recipe-sysroot --enable-standard-branch-protection --with-plugin-ld=ld --enable-poison-system-directories --enable-nls --with-glibc-version=2.28 --enable-initfini-array --disable-libstdcxx-pch --with-newlib --disable-threads --enable-plugins --with-gnu-as --disable-libitm --disable-multiarch --with-arch=armv8-a --enable-multilib --with-sysroot=/not/exist]
  ignore line: [Thread model: single]
  ignore line: [Supported LTO compression algorithms: zlib zstd]
  ignore line: [gcc version 12.2.0 (GCC) ]
  ignore line: [COMPILER_PATH=/tools/Xilinx/Vitis/2023.2/gnu/aarch64/lin/aarch64-none/x86_64-oesdk-linux/usr/bin/aarch64-xilinx-elf/../../libexec/aarch64-xilinx-elf/gcc/aarch64-xilinx-elf/12.2.0/:/tools/Xilinx/Vitis/2023.2/gnu/aarch64/lin/aarch64-none/x86_64-oesdk-linux/usr/bin/aarch64-xilinx-elf/../../libexec/aarch64-xilinx-elf/gcc/]
  ignore line: [LIBRARY_PATH=/tools/Xilinx/Vitis/2023.2/gnu/aarch64/lin/aarch64-none/x86_64-oesdk-linux/usr/bin/aarch64-xilinx-elf/../../lib/aarch64-xilinx-elf/gcc/aarch64-xilinx-elf/12.2.0/:/tools/Xilinx/Vitis/2023.2/gnu/aarch64/lin/aarch64-none/x86_64-oesdk-linux/usr/bin/aarch64-xilinx-elf/../../lib/aarch64-xilinx-elf/gcc/:/tools/Xilinx/Vitis/2023.2/gnu/aarch64/lin/aarch64-none/bin/../aarch64-xilinx-elf/usr/lib64/aarch64-xilinx-elf/12.2.0/:/tools/Xilinx/Vitis/2023.2/gnu/aarch64/lin/aarch64-none/bin/../aarch64-xilinx-elf/usr/lib64/]
  ignore line: [COLLECT_GCC_OPTIONS='--sysroot=/tools/Xilinx/Vitis/2023.2/gnu/aarch64/lin/aarch64-none/bin/../aarch64-xilinx-elf' '-mbranch-protection=none' '-O2' '-D' 'SDT' '-MMD' '-MP' '-specs=/home/user/Desktop/write_bbram/zcu102/psu_cortexa53_0/standalone_psu_cortexa53_0/bsp/Xilinx.spec' '-I' '/home/user/Desktop/write_bbram/zcu102/psu_cortexa53_0/standalone_psu_cortexa53_0/bsp/include' '-v' '-o' 'cmTC_bde4d' '-march=armv8-a' '-mlittle-endian' '-mabi=lp64' '-dumpdir' 'cmTC_bde4d.']
  link line: [ /tools/Xilinx/Vitis/2023.2/gnu/aarch64/lin/aarch64-none/x86_64-oesdk-linux/usr/bin/aarch64-xilinx-elf/../../libexec/aarch64-xilinx-elf/gcc/aarch64-xilinx-elf/12.2.0/collect2 -plugin /tools/Xilinx/Vitis/2023.2/gnu/aarch64/lin/aarch64-none/x86_64-oesdk-linux/usr/bin/aarch64-xilinx-elf/../../libexec/aarch64-xilinx-elf/gcc/aarch64-xilinx-elf/12.2.0/liblto_plugin.so -plugin-opt=/tools/Xilinx/Vitis/2023.2/gnu/aarch64/lin/aarch64-none/x86_64-oesdk-linux/usr/bin/aarch64-xilinx-elf/../../libexec/aarch64-xilinx-elf/gcc/aarch64-xilinx-elf/12.2.0/lto-wrapper -plugin-opt=-fresolution=/tmp/ccaOic8B.res -plugin-opt=-pass-through=-lgcc -plugin-opt=-pass-through=-lc -plugin-opt=-pass-through=-lgcc --sysroot=/tools/Xilinx/Vitis/2023.2/gnu/aarch64/lin/aarch64-none/bin/../aarch64-xilinx-elf --build-id -EL -X -maarch64elf -o cmTC_bde4d /tools/Xilinx/Vitis/2023.2/gnu/aarch64/lin/aarch64-none/bin/../aarch64-xilinx-elf/usr/lib64/aarch64-xilinx-elf/12.2.0/crti.o /tools/Xilinx/Vitis/2023.2/gnu/aarch64/lin/aarch64-none/bin/../aarch64-xilinx-elf/usr/lib64/aarch64-xilinx-elf/12.2.0/crtbegin.o -L/tools/Xilinx/Vitis/2023.2/gnu/aarch64/lin/aarch64-none/x86_64-oesdk-linux/usr/bin/aarch64-xilinx-elf/../../lib/aarch64-xilinx-elf/gcc/aarch64-xilinx-elf/12.2.0 -L/tools/Xilinx/Vitis/2023.2/gnu/aarch64/lin/aarch64-none/x86_64-oesdk-linux/usr/bin/aarch64-xilinx-elf/../../lib/aarch64-xilinx-elf/gcc -L/tools/Xilinx/Vitis/2023.2/gnu/aarch64/lin/aarch64-none/bin/../aarch64-xilinx-elf/usr/lib64/aarch64-xilinx-elf/12.2.0 -L/tools/Xilinx/Vitis/2023.2/gnu/aarch64/lin/aarch64-none/bin/../aarch64-xilinx-elf/usr/lib64 --no-warn-rwx-segment CMakeFiles/cmTC_bde4d.dir/CMakeCXXCompilerABI.cpp.obj -lstdc++ -lm -lgcc -lc -lgcc /tools/Xilinx/Vitis/2023.2/gnu/aarch64/lin/aarch64-none/bin/../aarch64-xilinx-elf/usr/lib64/aarch64-xilinx-elf/12.2.0/crtend.o /tools/Xilinx/Vitis/2023.2/gnu/aarch64/lin/aarch64-none/bin/../aarch64-xilinx-elf/usr/lib64/aarch64-xilinx-elf/12.2.0/crtn.o]
    arg [/tools/Xilinx/Vitis/2023.2/gnu/aarch64/lin/aarch64-none/x86_64-oesdk-linux/usr/bin/aarch64-xilinx-elf/../../libexec/aarch64-xilinx-elf/gcc/aarch64-xilinx-elf/12.2.0/collect2] ==> ignore
    arg [-plugin] ==> ignore
    arg [/tools/Xilinx/Vitis/2023.2/gnu/aarch64/lin/aarch64-none/x86_64-oesdk-linux/usr/bin/aarch64-xilinx-elf/../../libexec/aarch64-xilinx-elf/gcc/aarch64-xilinx-elf/12.2.0/liblto_plugin.so] ==> ignore
    arg [-plugin-opt=/tools/Xilinx/Vitis/2023.2/gnu/aarch64/lin/aarch64-none/x86_64-oesdk-linux/usr/bin/aarch64-xilinx-elf/../../libexec/aarch64-xilinx-elf/gcc/aarch64-xilinx-elf/12.2.0/lto-wrapper] ==> ignore
    arg [-plugin-opt=-fresolution=/tmp/ccaOic8B.res] ==> ignore
    arg [-plugin-opt=-pass-through=-lgcc] ==> ignore
    arg [-plugin-opt=-pass-through=-lc] ==> ignore
    arg [-plugin-opt=-pass-through=-lgcc] ==> ignore
    arg [--sysroot=/tools/Xilinx/Vitis/2023.2/gnu/aarch64/lin/aarch64-none/bin/../aarch64-xilinx-elf] ==> ignore
    arg [--build-id] ==> ignore
    arg [-EL] ==> ignore
    arg [-X] ==> ignore
    arg [-maarch64elf] ==> ignore
    arg [-o] ==> ignore
    arg [cmTC_bde4d] ==> ignore
    arg [/tools/Xilinx/Vitis/2023.2/gnu/aarch64/lin/aarch64-none/bin/../aarch64-xilinx-elf/usr/lib64/aarch64-xilinx-elf/12.2.0/crti.o] ==> obj [/tools/Xilinx/Vitis/2023.2/gnu/aarch64/lin/aarch64-none/bin/../aarch64-xilinx-elf/usr/lib64/aarch64-xilinx-elf/12.2.0/crti.o]
    arg [/tools/Xilinx/Vitis/2023.2/gnu/aarch64/lin/aarch64-none/bin/../aarch64-xilinx-elf/usr/lib64/aarch64-xilinx-elf/12.2.0/crtbegin.o] ==> obj [/tools/Xilinx/Vitis/2023.2/gnu/aarch64/lin/aarch64-none/bin/../aarch64-xilinx-elf/usr/lib64/aarch64-xilinx-elf/12.2.0/crtbegin.o]
    arg [-L/tools/Xilinx/Vitis/2023.2/gnu/aarch64/lin/aarch64-none/x86_64-oesdk-linux/usr/bin/aarch64-xilinx-elf/../../lib/aarch64-xilinx-elf/gcc/aarch64-xilinx-elf/12.2.0] ==> dir [/tools/Xilinx/Vitis/2023.2/gnu/aarch64/lin/aarch64-none/x86_64-oesdk-linux/usr/bin/aarch64-xilinx-elf/../../lib/aarch64-xilinx-elf/gcc/aarch64-xilinx-elf/12.2.0]
    arg [-L/tools/Xilinx/Vitis/2023.2/gnu/aarch64/lin/aarch64-none/x86_64-oesdk-linux/usr/bin/aarch64-xilinx-elf/../../lib/aarch64-xilinx-elf/gcc] ==> dir [/tools/Xilinx/Vitis/2023.2/gnu/aarch64/lin/aarch64-none/x86_64-oesdk-linux/usr/bin/aarch64-xilinx-elf/../../lib/aarch64-xilinx-elf/gcc]
    arg [-L/tools/Xilinx/Vitis/2023.2/gnu/aarch64/lin/aarch64-none/bin/../aarch64-xilinx-elf/usr/lib64/aarch64-xilinx-elf/12.2.0] ==> dir [/tools/Xilinx/Vitis/2023.2/gnu/aarch64/lin/aarch64-none/bin/../aarch64-xilinx-elf/usr/lib64/aarch64-xilinx-elf/12.2.0]
    arg [-L/tools/Xilinx/Vitis/2023.2/gnu/aarch64/lin/aarch64-none/bin/../aarch64-xilinx-elf/usr/lib64] ==> dir [/tools/Xilinx/Vitis/2023.2/gnu/aarch64/lin/aarch64-none/bin/../aarch64-xilinx-elf/usr/lib64]
    arg [--no-warn-rwx-segment] ==> ignore
    arg [CMakeFiles/cmTC_bde4d.dir/CMakeCXXCompilerABI.cpp.obj] ==> ignore
    arg [-lstdc++] ==> lib [stdc++]
    arg [-lm] ==> lib [m]
    arg [-lgcc] ==> lib [gcc]
    arg [-lc] ==> lib [c]
    arg [-lgcc] ==> lib [gcc]
    arg [/tools/Xilinx/Vitis/2023.2/gnu/aarch64/lin/aarch64-none/bin/../aarch64-xilinx-elf/usr/lib64/aarch64-xilinx-elf/12.2.0/crtend.o] ==> obj [/tools/Xilinx/Vitis/2023.2/gnu/aarch64/lin/aarch64-none/bin/../aarch64-xilinx-elf/usr/lib64/aarch64-xilinx-elf/12.2.0/crtend.o]
    arg [/tools/Xilinx/Vitis/2023.2/gnu/aarch64/lin/aarch64-none/bin/../aarch64-xilinx-elf/usr/lib64/aarch64-xilinx-elf/12.2.0/crtn.o] ==> obj [/tools/Xilinx/Vitis/2023.2/gnu/aarch64/lin/aarch64-none/bin/../aarch64-xilinx-elf/usr/lib64/aarch64-xilinx-elf/12.2.0/crtn.o]
  collapse obj [/tools/Xilinx/Vitis/2023.2/gnu/aarch64/lin/aarch64-none/bin/../aarch64-xilinx-elf/usr/lib64/aarch64-xilinx-elf/12.2.0/crti.o] ==> [/tools/Xilinx/Vitis/2023.2/gnu/aarch64/lin/aarch64-none/aarch64-xilinx-elf/usr/lib64/aarch64-xilinx-elf/12.2.0/crti.o]
  collapse obj [/tools/Xilinx/Vitis/2023.2/gnu/aarch64/lin/aarch64-none/bin/../aarch64-xilinx-elf/usr/lib64/aarch64-xilinx-elf/12.2.0/crtbegin.o] ==> [/tools/Xilinx/Vitis/2023.2/gnu/aarch64/lin/aarch64-none/aarch64-xilinx-elf/usr/lib64/aarch64-xilinx-elf/12.2.0/crtbegin.o]
  collapse obj [/tools/Xilinx/Vitis/2023.2/gnu/aarch64/lin/aarch64-none/bin/../aarch64-xilinx-elf/usr/lib64/aarch64-xilinx-elf/12.2.0/crtend.o] ==> [/tools/Xilinx/Vitis/2023.2/gnu/aarch64/lin/aarch64-none/aarch64-xilinx-elf/usr/lib64/aarch64-xilinx-elf/12.2.0/crtend.o]
  collapse obj [/tools/Xilinx/Vitis/2023.2/gnu/aarch64/lin/aarch64-none/bin/../aarch64-xilinx-elf/usr/lib64/aarch64-xilinx-elf/12.2.0/crtn.o] ==> [/tools/Xilinx/Vitis/2023.2/gnu/aarch64/lin/aarch64-none/aarch64-xilinx-elf/usr/lib64/aarch64-xilinx-elf/12.2.0/crtn.o]
  collapse library dir [/tools/Xilinx/Vitis/2023.2/gnu/aarch64/lin/aarch64-none/x86_64-oesdk-linux/usr/bin/aarch64-xilinx-elf/../../lib/aarch64-xilinx-elf/gcc/aarch64-xilinx-elf/12.2.0] ==> [/tools/Xilinx/Vitis/2023.2/gnu/aarch64/lin/aarch64-none/x86_64-oesdk-linux/usr/lib/aarch64-xilinx-elf/gcc/aarch64-xilinx-elf/12.2.0]
  collapse library dir [/tools/Xilinx/Vitis/2023.2/gnu/aarch64/lin/aarch64-none/x86_64-oesdk-linux/usr/bin/aarch64-xilinx-elf/../../lib/aarch64-xilinx-elf/gcc] ==> [/tools/Xilinx/Vitis/2023.2/gnu/aarch64/lin/aarch64-none/x86_64-oesdk-linux/usr/lib/aarch64-xilinx-elf/gcc]
  collapse library dir [/tools/Xilinx/Vitis/2023.2/gnu/aarch64/lin/aarch64-none/bin/../aarch64-xilinx-elf/usr/lib64/aarch64-xilinx-elf/12.2.0] ==> [/tools/Xilinx/Vitis/2023.2/gnu/aarch64/lin/aarch64-none/aarch64-xilinx-elf/usr/lib64/aarch64-xilinx-elf/12.2.0]
  collapse library dir [/tools/Xilinx/Vitis/2023.2/gnu/aarch64/lin/aarch64-none/bin/../aarch64-xilinx-elf/usr/lib64] ==> [/tools/Xilinx/Vitis/2023.2/gnu/aarch64/lin/aarch64-none/aarch64-xilinx-elf/usr/lib64]
  implicit libs: [stdc++;m;gcc;c;gcc]
  implicit objs: [/tools/Xilinx/Vitis/2023.2/gnu/aarch64/lin/aarch64-none/aarch64-xilinx-elf/usr/lib64/aarch64-xilinx-elf/12.2.0/crti.o;/tools/Xilinx/Vitis/2023.2/gnu/aarch64/lin/aarch64-none/aarch64-xilinx-elf/usr/lib64/aarch64-xilinx-elf/12.2.0/crtbegin.o;/tools/Xilinx/Vitis/2023.2/gnu/aarch64/lin/aarch64-none/aarch64-xilinx-elf/usr/lib64/aarch64-xilinx-elf/12.2.0/crtend.o;/tools/Xilinx/Vitis/2023.2/gnu/aarch64/lin/aarch64-none/aarch64-xilinx-elf/usr/lib64/aarch64-xilinx-elf/12.2.0/crtn.o]
  implicit dirs: [/tools/Xilinx/Vitis/2023.2/gnu/aarch64/lin/aarch64-none/x86_64-oesdk-linux/usr/lib/aarch64-xilinx-elf/gcc/aarch64-xilinx-elf/12.2.0;/tools/Xilinx/Vitis/2023.2/gnu/aarch64/lin/aarch64-none/x86_64-oesdk-linux/usr/lib/aarch64-xilinx-elf/gcc;/tools/Xilinx/Vitis/2023.2/gnu/aarch64/lin/aarch64-none/aarch64-xilinx-elf/usr/lib64/aarch64-xilinx-elf/12.2.0;/tools/Xilinx/Vitis/2023.2/gnu/aarch64/lin/aarch64-none/aarch64-xilinx-elf/usr/lib64]
  implicit fwks: []


Checking whether the ASM compiler is GNU using "--version" matched "(GNU assembler)|(GCC)|(Free Software Foundation)":
aarch64-xilinx-elf-gcc.real (GCC) 12.2.0
Copyright (C) 2022 Free Software Foundation, Inc.
This is free software; see the source for copying conditions.  There is NO
warranty; not even for MERCHANTABILITY or FITNESS FOR A PARTICULAR PURPOSE.

